#
# A fatal error has been detected by the Java Runtime Environment:
#
#  SIGSEGV (0xb) at pc=0x00007fff84c5f3eb, pid=3026, tid=59143
#
# JRE version: Java(TM) SE Runtime Environment (8.0_25-b17) (build 1.8.0_25-b17)
# Java VM: Java HotSpot(TM) 64-Bit Server VM (25.25-b02 mixed mode bsd-amd64 compressed oops)
# Problematic frame:
# C  [libsystem_platform.dylib+0x53eb]  _platform_memmove$VARIANT$Merom+0x1ab
#
# Failed to write core dump. Core dumps have been disabled. To enable core dumping, try "ulimit -c unlimited" before starting Java again
#
# If you would like to submit a bug report, please visit:
#   http://bugreport.sun.com/bugreport/crash.jsp
# The crash happened outside the Java Virtual Machine in native code.
# See problematic frame for where to report the bug.
#

---------------  T H R E A D  ---------------

Current thread (0x00007fd70942f800):  JavaThread "Thread-2" [_thread_in_native, id=59143, stack(0x00000001f22f5000,0x00000001f23f5000)]

siginfo: si_signo: 11 (SIGSEGV), si_code: 1 (SEGV_MAPERR), si_addr: 0x00000001ed0e7000

Registers:
RAX=0x00007fff84c5f3d9, RBX=0x00000001ed0e5de4, RCX=0xffffffffffff4500, RDX=0x0000000000000029
RSP=0x00000001f23f3400, RBP=0x00000001f23f3400, RSI=0x00000001ed0f2ad2, RDI=0x00007fd70996b6c0
R8 =0x00007fff84c5f2cc, R9 =0x00007fd709c35e00, R10=0x00007fd70a998b70, R11=0x00007fd70995ea00
R12=0x000000006d0c6d11, R13=0x000000000000c8bd, R14=0x00000000a377370c, R15=0x000000000000fc66
RIP=0x00007fff84c5f3eb, EFLAGS=0x0000000000010286, ERR=0x0000000000000004
  TRAPNO=0x000000000000000e

Top of Stack: (sp=0x00000001f23f3400)
0x00000001f23f3400:   00000001f23f3470 000000010fa1f02d
0x00000001f23f3410:   00000066e3f29c98 00000000000000fc
0x00000001f23f3420:   000000000000aaa1 00007fd70995ea00
0x00000001f23f3430:   000000000000cce9 00007fd70a972d70
0x00000001f23f3440:   00007fd70a998b70 00007fd70a972d70
0x00000001f23f3450:   00007fd70a972f10 0000000000000020
0x00000001f23f3460:   0000000037618dcc 00007fd70aa1a2d0
0x00000001f23f3470:   00000001f23f34d0 000000010fa1f554
0x00000001f23f3480:   00000001f23f34f9 00000001f23f34f8
0x00000001f23f3490:   0000000900000000 0000000a0142f800
0x00000001f23f34a0:   00000001f23f34ee 00000001f23f39b8
0x00000001f23f34b0:   000000000000000a 00000001f23f34ee
0x00000001f23f34c0:   00007fd70a972d70 00007fd70942f9e8
0x00000001f23f34d0:   00000001f23f3920 000000010fa1e34f
0x00000001f23f34e0:   00000001e454bf41 6f72000100000001
0x00000001f23f34f0:   7478742e73657475 00000001e3f29c00
0x00000001f23f3500:   00007fd70942f800 00000001e3f29c98
0x00000001f23f3510:   00007fd70a80b590 00000001e3cf3650
0x00000001f23f3520:   00000001e3f260b0 00000001e3cf3650
0x00000001f23f3530:   00000001e3cf3650 00000001e3cf3650
0x00000001f23f3540:   00000001a3cdc678 00000001f23f3828
0x00000001f23f3550:   00007fd70942f800 00000001f23f3620
0x00000001f23f3560:   00000001f23f35e0 000000010e93aae9
0x00000001f23f3570:   00000001fffffffe 00007fd70942f800
0x00000001f23f3580:   00007fd70942f800 00000001e3cf3650
0x00000001f23f3590:   00007fd70942f800 00000001e3cf3650
0x00000001f23f35a0:   00007fd70942f800 00000001e3cf3650
0x00000001f23f35b0:   00000001e3cf3650 00000001a3db1a58
0x00000001f23f35c0:   00000001f23f36a0 00000001e3cf3650
0x00000001f23f35d0:   00000001e450cf20 00000001e450cf00
0x00000001f23f35e0:   00000001f23f3660 000000010e940980
0x00000001f23f35f0:   00007fd70942f800 00000001e42d98a8 

Instructions: (pc=0x00007fff84c5f3eb)
0x00007fff84c5f3cb:   64 0f 30 48 83 c1 40 75 ab e9 7f fe ff ff 66 0f
0x00007fff84c5f3db:   6f 44 0e fe 66 0f 6f 4c 0e 0e 66 0f 6f 54 0e 1e
0x00007fff84c5f3eb:   66 0f 6f 5c 0e 2e 66 0f 6f 64 0e 3e 66 0f 6f e8
0x00007fff84c5f3fb:   66 0f 6f c4 66 0f 3a 0f e3 02 66 0f 3a 0f da 02 

Register to memory mapping:

RAX=0x00007fff84c5f3d9: _platform_memmove$VARIANT$Merom+0x199 in /usr/lib/system/libsystem_platform.dylib at 0x00007fff84c5a000
RBX=0x00000001ed0e5de4 is an unknown value
RCX=0xffffffffffff4500 is an unknown value
RDX=0x0000000000000029 is an unknown value
RSP=0x00000001f23f3400 is pointing into the stack for thread: 0x00007fd70942f800
RBP=0x00000001f23f3400 is pointing into the stack for thread: 0x00007fd70942f800
RSI=0x00000001ed0f2ad2 is an unknown value
RDI=0x00007fd70996b6c0 is an unknown value
R8 =0x00007fff84c5f2cc: _platform_memmove$VARIANT$Merom+0x8c in /usr/lib/system/libsystem_platform.dylib at 0x00007fff84c5a000
R9 =0x00007fd709c35e00 is an unknown value
R10=0x00007fd70a998b70 is an unknown value
R11=0x00007fd70995ea00 is an unknown value
R12=0x000000006d0c6d11 is an unknown value
R13=0x000000000000c8bd is an unknown value
R14=0x00000000a377370c is an unknown value
R15=0x000000000000fc66 is an unknown value


Stack: [0x00000001f22f5000,0x00000001f23f5000],  sp=0x00000001f23f3400,  free space=1017k
Native frames: (J=compiled Java code, j=interpreted, Vv=VM code, C=native code)
C  [libsystem_platform.dylib+0x53eb]  _platform_memmove$VARIANT$Merom+0x1ab
C  [libzip.dylib+0x302d]  newEntry+0x2c8
C  [libzip.dylib+0x3554]  ZIP_GetEntry2+0xd4
C  [libzip.dylib+0x234f]  Java_java_util_zip_ZipFile_getEntry+0xcf
j  java.util.zip.ZipFile.getEntry(J[BZ)J+0
j  java.util.zip.ZipFile.getEntry(Ljava/lang/String;)Ljava/util/zip/ZipEntry;+38
j  java.util.jar.JarFile.getEntry(Ljava/lang/String;)Ljava/util/zip/ZipEntry;+2
j  sun.net.www.protocol.jar.URLJarFile.getEntry(Ljava/lang/String;)Ljava/util/zip/ZipEntry;+2
j  sun.net.www.protocol.jar.JarURLConnection.connect()V+62
j  sun.net.www.protocol.jar.JarURLConnection.getInputStream()Ljava/io/InputStream;+1
j  java.net.URLClassLoader.getResourceAsStream(Ljava/lang/String;)Ljava/io/InputStream;+18
j  java.lang.Class.getResourceAsStream(Ljava/lang/String;)Ljava/io/InputStream;+22
j  edu.rosehulman.sws.extension.AbstractPlugin.loadServlets(Ljava/lang/String;)V+19
j  edu.rosehulman.sws.extension.AbstractPlugin.<init>()V+13
j  PluginMccormjt.<init>()V+1
v  ~StubRoutines::call_stub
V  [libjvm.dylib+0x2d4516]
V  [libjvm.dylib+0x4a30be]
V  [libjvm.dylib+0x4a33e9]
V  [libjvm.dylib+0x3229c1]
j  sun.reflect.NativeConstructorAccessorImpl.newInstance0(Ljava/lang/reflect/Constructor;[Ljava/lang/Object;)Ljava/lang/Object;+0
j  sun.reflect.NativeConstructorAccessorImpl.newInstance([Ljava/lang/Object;)Ljava/lang/Object;+85
j  sun.reflect.DelegatingConstructorAccessorImpl.newInstance([Ljava/lang/Object;)Ljava/lang/Object;+5
j  java.lang.reflect.Constructor.newInstance([Ljava/lang/Object;)Ljava/lang/Object;+79
j  edu.rosehulman.sws.server.URLParser.extractClassFromJar(Ljava/io/File;Ljava/lang/String;Ljava/lang/String;)Ljava/lang/Object;+83
j  edu.rosehulman.sws.server.PluginLoader.launchPlugin(Ljava/lang/String;)V+56
j  edu.rosehulman.sws.server.PluginLoader.processEvents()V+214
j  edu.rosehulman.sws.server.PluginLoader.watchPlugins()V+17
j  edu.rosehulman.sws.server.PluginLoaderThreadRunnable.run()V+4
j  java.lang.Thread.run()V+11
v  ~StubRoutines::call_stub
V  [libjvm.dylib+0x2d4516]
V  [libjvm.dylib+0x2d4ca4]
V  [libjvm.dylib+0x2d4e50]
V  [libjvm.dylib+0x32583f]
V  [libjvm.dylib+0x535ed9]
V  [libjvm.dylib+0x53761c]
V  [libjvm.dylib+0x45d87e]
C  [libsystem_pthread.dylib+0x3268]  _pthread_body+0x83
C  [libsystem_pthread.dylib+0x31e5]  _pthread_body+0x0
C  [libsystem_pthread.dylib+0x141d]  thread_start+0xd
C  0x0000000000000000

Java frames: (J=compiled Java code, j=interpreted, Vv=VM code)
j  java.util.zip.ZipFile.getEntry(J[BZ)J+0
j  java.util.zip.ZipFile.getEntry(Ljava/lang/String;)Ljava/util/zip/ZipEntry;+38
j  java.util.jar.JarFile.getEntry(Ljava/lang/String;)Ljava/util/zip/ZipEntry;+2
j  sun.net.www.protocol.jar.URLJarFile.getEntry(Ljava/lang/String;)Ljava/util/zip/ZipEntry;+2
j  sun.net.www.protocol.jar.JarURLConnection.connect()V+62
j  sun.net.www.protocol.jar.JarURLConnection.getInputStream()Ljava/io/InputStream;+1
j  java.net.URLClassLoader.getResourceAsStream(Ljava/lang/String;)Ljava/io/InputStream;+18
j  java.lang.Class.getResourceAsStream(Ljava/lang/String;)Ljava/io/InputStream;+22
j  edu.rosehulman.sws.extension.AbstractPlugin.loadServlets(Ljava/lang/String;)V+19
j  edu.rosehulman.sws.extension.AbstractPlugin.<init>()V+13
j  PluginMccormjt.<init>()V+1
v  ~StubRoutines::call_stub
j  sun.reflect.NativeConstructorAccessorImpl.newInstance0(Ljava/lang/reflect/Constructor;[Ljava/lang/Object;)Ljava/lang/Object;+0
j  sun.reflect.NativeConstructorAccessorImpl.newInstance([Ljava/lang/Object;)Ljava/lang/Object;+85
j  sun.reflect.DelegatingConstructorAccessorImpl.newInstance([Ljava/lang/Object;)Ljava/lang/Object;+5
j  java.lang.reflect.Constructor.newInstance([Ljava/lang/Object;)Ljava/lang/Object;+79
j  edu.rosehulman.sws.server.URLParser.extractClassFromJar(Ljava/io/File;Ljava/lang/String;Ljava/lang/String;)Ljava/lang/Object;+83
j  edu.rosehulman.sws.server.PluginLoader.launchPlugin(Ljava/lang/String;)V+56
j  edu.rosehulman.sws.server.PluginLoader.processEvents()V+214
j  edu.rosehulman.sws.server.PluginLoader.watchPlugins()V+17
j  edu.rosehulman.sws.server.PluginLoaderThreadRunnable.run()V+4
j  java.lang.Thread.run()V+11
v  ~StubRoutines::call_stub

---------------  P R O C E S S  ---------------

Java Threads: ( => current thread )
  0x00007fd709444800 JavaThread "Thread-3" daemon [_thread_blocked, id=59911, stack(0x00000001f23f8000,0x00000001f24f8000)]
=>0x00007fd70942f800 JavaThread "Thread-2" [_thread_in_native, id=59143, stack(0x00000001f22f5000,0x00000001f23f5000)]
  0x00007fd709ba0000 JavaThread "Thread-1" [_thread_blocked, id=58655, stack(0x00000001f1ec2000,0x00000001f1fc2000)]
  0x00007fd709426800 JavaThread "Thread-0" [_thread_in_native, id=58427, stack(0x00000001f1dbf000,0x00000001f1ebf000)]
  0x00007fd709ac2800 JavaThread "TimerQueue" daemon [_thread_blocked, id=52627, stack(0x00000001ecc51000,0x00000001ecd51000)]
  0x00007fd709313800 JavaThread "Java2D Disposer" daemon [_thread_blocked, id=50955, stack(0x00000001ec452000,0x00000001ec552000)]
  0x00007fd709204800 JavaThread "Java2D Queue Flusher" daemon [_thread_blocked, id=48903, stack(0x00000001eb5b4000,0x00000001eb6b4000)]
  0x00007fd709887000 JavaThread "DestroyJavaVM" [_thread_blocked, id=3331, stack(0x000000010f4b7000,0x000000010f5b7000)]
  0x00007fd709886800 JavaThread "AWT-EventQueue-0" [_thread_blocked, id=47115, stack(0x00000001eb4b1000,0x00000001eb5b1000)]
  0x00007fd709008000 JavaThread "AWT-Shutdown" [_thread_blocked, id=25371, stack(0x00000001e8b0e000,0x00000001e8c0e000)]
  0x00007fd709073000 JavaThread "AppKit Thread" daemon [_thread_in_native, id=1811, stack(0x00007fff50f64000,0x00007fff51764000)]
  0x00007fd7090a5000 JavaThread "Service Thread" daemon [_thread_blocked, id=16387, stack(0x00000001e6ff8000,0x00000001e70f8000)]
  0x00007fd709814800 JavaThread "C1 CompilerThread1" daemon [_thread_blocked, id=15875, stack(0x00000001e6ef5000,0x00000001e6ff5000)]
  0x00007fd70908d000 JavaThread "C2 CompilerThread0" daemon [_thread_blocked, id=15363, stack(0x00000001e6df2000,0x00000001e6ef2000)]
  0x00007fd709074000 JavaThread "Signal Dispatcher" daemon [_thread_blocked, id=11787, stack(0x00000001e6cef000,0x00000001e6def000)]
  0x00007fd70905d800 JavaThread "Finalizer" daemon [_thread_blocked, id=10499, stack(0x00000001e536c000,0x00000001e546c000)]
  0x00007fd70905d000 JavaThread "Reference Handler" daemon [_thread_blocked, id=9987, stack(0x00000001e5269000,0x00000001e5369000)]

Other Threads:
  0x00007fd709058000 VMThread [stack: 0x00000001e5166000,0x00000001e5266000] [id=9475]
  0x00007fd70981d000 WatcherThread [stack: 0x00000001e70fb000,0x00000001e71fb000] [id=16899]

VM state:not at safepoint (normal execution)

VM Mutex/Monitor currently owned by a thread: None

Heap:
 PSYoungGen      total 38400K, used 22002K [0x0000000174580000, 0x0000000177000000, 0x000000019f000000)
  eden space 33280K, 66% used [0x0000000174580000,0x0000000175afc998,0x0000000176600000)
  from space 5120K, 0% used [0x0000000176b00000,0x0000000176b00000,0x0000000177000000)
  to   space 5120K, 0% used [0x0000000176600000,0x0000000176600000,0x0000000176b00000)
 ParOldGen       total 87552K, used 0K [0x000000011f000000, 0x0000000124580000, 0x0000000174580000)
  object space 87552K, 0% used [0x000000011f000000,0x000000011f000000,0x0000000124580000)
 Metaspace       used 12502K, capacity 12754K, committed 12928K, reserved 1060864K
  class space    used 1498K, capacity 1565K, committed 1664K, reserved 1048576K

Card table byte_map: [0x000000019f000000,0x000000019f401000] byte_map_base: 0x000000019e708000

Marking Bits: (ParMarkBitMap*) 0x000000010ee37390
 Begin Bits: [0x000000019f8b2000, 0x00000001a18b2000)
 End Bits:   [0x00000001a18b2000, 0x00000001a38b2000)

Polling page: 0x000000010f5fb000

CodeCache: size=245760Kb used=5058Kb max_used=5058Kb free=240701Kb
 bounds [0x000000010fa25000, 0x000000010ff25000, 0x000000011ea25000]
 total_blobs=2060 nmethods=1524 adapters=451
 compilation: enabled

Compilation events (10 events):
Event: 108.216 Thread 0x00007fd70908d000 nmethod 1554 0x000000010fef0a90 code [0x000000010fef0be0, 0x000000010fef0d88]
Event: 108.217 Thread 0x00007fd70908d000 1555   !   4       sun.java2d.SunGraphics2D::validateCompClip (224 bytes)
Event: 108.222 Thread 0x00007fd70908d000 nmethod 1555 0x000000010fbdd510 code [0x000000010fbdd680, 0x000000010fbdd9a8]
Event: 108.720 Thread 0x00007fd70908d000 1556       4       sun.java2d.SunGraphics2D::translate (68 bytes)
Event: 108.721 Thread 0x00007fd70908d000 nmethod 1556 0x000000010fbfc8d0 code [0x000000010fbfca20, 0x000000010fbfcb38]
Event: 113.490 Thread 0x00007fd709814800 1557       3       java.util.regex.Pattern::has (15 bytes)
Event: 113.491 Thread 0x00007fd709814800 nmethod 1557 0x000000010fc6dfd0 code [0x000000010fc6e140, 0x000000010fc6e2f0]
Event: 113.491 Thread 0x00007fd709814800 1558       3       java.util.regex.Pattern::peek (26 bytes)
Event: 113.493 Thread 0x00007fd709814800 nmethod 1558 0x000000010fb4de10 code [0x000000010fb4dfa0, 0x000000010fb4e248]
Event: 113.493 Thread 0x00007fd709814800 1560       3       sun.nio.cs.UTF_8$Decoder::decode (779 bytes)

GC Heap History (0 events):
No events

Deoptimization events (10 events):
Event: 21.039 Thread 0x00007fd709886800 Uncommon trap: reason=class_check action=maybe_recompile pc=0x000000010fcce74c method=java.util.HashMap.getNode(ILjava/lang/Object;)Ljava/util/HashMap$Node; @ 126
Event: 21.041 Thread 0x00007fd709886800 Uncommon trap: reason=class_check action=maybe_recompile pc=0x000000010fcce74c method=java.util.HashMap.getNode(ILjava/lang/Object;)Ljava/util/HashMap$Node; @ 126
Event: 21.540 Thread 0x00007fd709886800 Uncommon trap: reason=class_check action=maybe_recompile pc=0x000000010fcce74c method=java.util.HashMap.getNode(ILjava/lang/Object;)Ljava/util/HashMap$Node; @ 126
Event: 96.127 Thread 0x00007fd709886800 Uncommon trap: reason=predicate action=maybe_recompile pc=0x000000010fee9dd8 method=java.util.TimSort.binarySort([Ljava/lang/Object;IIILjava/util/Comparator;)V @ 37
Event: 99.151 Thread 0x00007fd709886800 Uncommon trap: reason=array_check action=maybe_recompile pc=0x000000010fef17f0 method=java.util.TimSort.binarySort([Ljava/lang/Object;IIILjava/util/Comparator;)V @ 215
Event: 99.151 Thread 0x00007fd709886800 Uncommon trap: reason=array_check action=maybe_recompile pc=0x000000010fef1a50 method=java.util.TimSort.binarySort([Ljava/lang/Object;IIILjava/util/Comparator;)V @ 183
Event: 99.153 Thread 0x00007fd709886800 Uncommon trap: reason=array_check action=maybe_recompile pc=0x000000010fef17f0 method=java.util.TimSort.binarySort([Ljava/lang/Object;IIILjava/util/Comparator;)V @ 215
Event: 99.153 Thread 0x00007fd709886800 Uncommon trap: reason=array_check action=maybe_recompile pc=0x000000010fef1a50 method=java.util.TimSort.binarySort([Ljava/lang/Object;IIILjava/util/Comparator;)V @ 183
Event: 102.172 Thread 0x00007fd709886800 Uncommon trap: reason=array_check action=maybe_recompile pc=0x000000010fefb640 method=java.util.TimSort.binarySort([Ljava/lang/Object;IIILjava/util/Comparator;)V @ 193
Event: 102.172 Thread 0x00007fd709886800 Uncommon trap: reason=array_check action=maybe_recompile pc=0x000000010fefb640 method=java.util.TimSort.binarySort([Ljava/lang/Object;IIILjava/util/Comparator;)V @ 193

Internal exceptions (10 events):
Event: 3.446 Thread 0x00007fd709426800 Exception <a 'java/security/PrivilegedActionException'> (0x0000000174f3ba50) thrown at [/HUDSON3/workspace/8-2-build-macosx-x86_64/jdk8u25/1514/hotspot/src/share/vm/prims/jvm.cpp, line 1312]
Event: 3.472 Thread 0x00007fd709426800 Exception <a 'java/security/PrivilegedActionException'> (0x0000000174ffb598) thrown at [/HUDSON3/workspace/8-2-build-macosx-x86_64/jdk8u25/1514/hotspot/src/share/vm/prims/jvm.cpp, line 1312]
Event: 25.648 Thread 0x00007fd709426800 Exception <a 'java/security/PrivilegedActionException'> (0x0000000174ffdf40) thrown at [/HUDSON3/workspace/8-2-build-macosx-x86_64/jdk8u25/1514/hotspot/src/share/vm/prims/jvm.cpp, line 1312]
Event: 25.657 Thread 0x00007fd70928e800 Exception <a 'java/security/PrivilegedActionException'> (0x0000000175485f88) thrown at [/HUDSON3/workspace/8-2-build-macosx-x86_64/jdk8u25/1514/hotspot/src/share/vm/prims/jvm.cpp, line 1312]
Event: 25.657 Thread 0x00007fd70928e800 Exception <a 'java/security/PrivilegedActionException'> (0x00000001754891c0) thrown at [/HUDSON3/workspace/8-2-build-macosx-x86_64/jdk8u25/1514/hotspot/src/share/vm/prims/jvm.cpp, line 1312]
Event: 25.659 Thread 0x00007fd70928e800 Exception <a 'java/security/PrivilegedActionException'> (0x000000017548fda0) thrown at [/HUDSON3/workspace/8-2-build-macosx-x86_64/jdk8u25/1514/hotspot/src/share/vm/prims/jvm.cpp, line 1312]
Event: 25.659 Thread 0x00007fd70928e800 Exception <a 'java/security/PrivilegedActionException'> (0x0000000175492f98) thrown at [/HUDSON3/workspace/8-2-build-macosx-x86_64/jdk8u25/1514/hotspot/src/share/vm/prims/jvm.cpp, line 1312]
Event: 25.663 Thread 0x00007fd70928e800 Exception <a 'java/security/PrivilegedActionException'> (0x00000001754a0c28) thrown at [/HUDSON3/workspace/8-2-build-macosx-x86_64/jdk8u25/1514/hotspot/src/share/vm/prims/jvm.cpp, line 1312]
Event: 113.493 Thread 0x00007fd70942f800 Exception <a 'java/security/PrivilegedActionException'> (0x00000001750a1478) thrown at [/HUDSON3/workspace/8-2-build-macosx-x86_64/jdk8u25/1514/hotspot/src/share/vm/prims/jvm.cpp, line 1312]
Event: 113.493 Thread 0x00007fd70942f800 Exception <a 'java/security/PrivilegedActionException'> (0x00000001750a2530) thrown at [/HUDSON3/workspace/8-2-build-macosx-x86_64/jdk8u25/1514/hotspot/src/share/vm/prims/jvm.cpp, line 1312]

Events (10 events):
Event: 113.492 loading class java/util/Formatter$Flags
Event: 113.492 loading class java/util/Formatter$Flags done
Event: 113.492 loading class java/util/Formatter$Conversion
Event: 113.492 loading class java/util/Formatter$Conversion done
Event: 113.492 loading class java/util/Formatter$FixedString
Event: 113.492 loading class java/util/Formatter$FixedString done
Event: 113.492 loading class java/util/Formattable
Event: 113.492 loading class java/util/Formattable done
Event: 113.493 loading class PluginMccormjt
Event: 113.493 loading class PluginMccormjt done


Dynamic libraries:
0x0000000001f98000 	/System/Library/Frameworks/Cocoa.framework/Versions/A/Cocoa
0x0000000001f98000 	/System/Library/Frameworks/Security.framework/Versions/A/Security
0x0000000001f98000 	/System/Library/Frameworks/ApplicationServices.framework/Versions/A/ApplicationServices
0x0000000001f98000 	/usr/lib/libz.1.dylib
0x0000000001f98000 	/usr/lib/libSystem.B.dylib
0x0000000001f98000 	/usr/lib/libobjc.A.dylib
0x0000000001f98000 	/System/Library/Frameworks/CoreFoundation.framework/Versions/A/CoreFoundation
0x0000000001f98000 	/System/Library/Frameworks/Foundation.framework/Versions/C/Foundation
0x0000000001f98000 	/System/Library/Frameworks/AppKit.framework/Versions/C/AppKit
0x0000000001f98000 	/System/Library/Frameworks/CoreData.framework/Versions/A/CoreData
0x0000000001f98000 	/System/Library/PrivateFrameworks/RemoteViewServices.framework/Versions/A/RemoteViewServices
0x0000000001f98000 	/System/Library/PrivateFrameworks/UIFoundation.framework/Versions/A/UIFoundation
0x0000000001f98000 	/System/Library/Frameworks/IOSurface.framework/Versions/A/IOSurface
0x0000000001f98000 	/System/Library/Frameworks/AudioToolbox.framework/Versions/A/AudioToolbox
0x0000000001f98000 	/System/Library/Frameworks/AudioUnit.framework/Versions/A/AudioUnit
0x0000000001f98000 	/System/Library/PrivateFrameworks/DataDetectorsCore.framework/Versions/A/DataDetectorsCore
0x0000000001f98000 	/System/Library/PrivateFrameworks/DesktopServicesPriv.framework/Versions/A/DesktopServicesPriv
0x0000000001f98000 	/System/Library/Frameworks/Carbon.framework/Versions/A/Frameworks/HIToolbox.framework/Versions/A/HIToolbox
0x0000000001f98000 	/System/Library/Frameworks/QuartzCore.framework/Versions/A/QuartzCore
0x0000000001f98000 	/System/Library/Frameworks/Carbon.framework/Versions/A/Frameworks/SpeechRecognition.framework/Versions/A/SpeechRecognition
0x0000000001f98000 	/usr/lib/libauto.dylib
0x0000000001f98000 	/usr/lib/libicucore.A.dylib
0x0000000001f98000 	/usr/lib/libxml2.2.dylib
0x0000000001f98000 	/System/Library/PrivateFrameworks/CoreUI.framework/Versions/A/CoreUI
0x0000000001f98000 	/System/Library/Frameworks/CoreAudio.framework/Versions/A/CoreAudio
0x0000000001f98000 	/System/Library/Frameworks/DiskArbitration.framework/Versions/A/DiskArbitration
0x0000000001f98000 	/usr/lib/liblangid.dylib
0x0000000001f98000 	/System/Library/PrivateFrameworks/MultitouchSupport.framework/Versions/A/MultitouchSupport
0x0000000001f98000 	/System/Library/Frameworks/IOKit.framework/Versions/A/IOKit
0x0000000001f98000 	/usr/lib/libDiagnosticMessagesClient.dylib
0x0000000001f98000 	/System/Library/Frameworks/CoreServices.framework/Versions/A/CoreServices
0x0000000001f98000 	/System/Library/PrivateFrameworks/PerformanceAnalysis.framework/Versions/A/PerformanceAnalysis
0x0000000001f98000 	/System/Library/PrivateFrameworks/GenerationalStorage.framework/Versions/A/GenerationalStorage
0x0000000001f98000 	/System/Library/Frameworks/OpenGL.framework/Versions/A/OpenGL
0x0000000001f98000 	/System/Library/PrivateFrameworks/Sharing.framework/Versions/A/Sharing
0x0000000001f98000 	/System/Library/Frameworks/CoreGraphics.framework/Versions/A/CoreGraphics
0x0000000001f98000 	/System/Library/Frameworks/CoreText.framework/Versions/A/CoreText
0x0000000001f98000 	/System/Library/Frameworks/ImageIO.framework/Versions/A/ImageIO
0x0000000001f98000 	/usr/lib/libextension.dylib
0x0000000001f98000 	/System/Library/PrivateFrameworks/Backup.framework/Versions/A/Backup
0x0000000001f98000 	/usr/lib/libarchive.2.dylib
0x0000000001f98000 	/System/Library/Frameworks/CFNetwork.framework/Versions/A/CFNetwork
0x0000000001f98000 	/System/Library/Frameworks/SystemConfiguration.framework/Versions/A/SystemConfiguration
0x0000000001f98000 	/usr/lib/libCRFSuite.dylib
0x0000000001f98000 	/usr/lib/libc++.1.dylib
0x0000000001f98000 	/usr/lib/libc++abi.dylib
0x0000000001f98000 	/usr/lib/system/libcache.dylib
0x0000000001f98000 	/usr/lib/system/libcommonCrypto.dylib
0x0000000001f98000 	/usr/lib/system/libcompiler_rt.dylib
0x0000000001f98000 	/usr/lib/system/libcopyfile.dylib
0x0000000001f98000 	/usr/lib/system/libcorecrypto.dylib
0x0000000001f98000 	/usr/lib/system/libdispatch.dylib
0x0000000001f98000 	/usr/lib/system/libdyld.dylib
0x0000000001f98000 	/usr/lib/system/libkeymgr.dylib
0x0000000001f98000 	/usr/lib/system/liblaunch.dylib
0x0000000001f98000 	/usr/lib/system/libmacho.dylib
0x0000000001f98000 	/usr/lib/system/libquarantine.dylib
0x0000000001f98000 	/usr/lib/system/libremovefile.dylib
0x0000000001f98000 	/usr/lib/system/libsystem_asl.dylib
0x0000000001f98000 	/usr/lib/system/libsystem_blocks.dylib
0x0000000001f98000 	/usr/lib/system/libsystem_c.dylib
0x0000000001f98000 	/usr/lib/system/libsystem_configuration.dylib
0x0000000001f98000 	/usr/lib/system/libsystem_coreservices.dylib
0x0000000001f98000 	/usr/lib/system/libsystem_coretls.dylib
0x0000000001f98000 	/usr/lib/system/libsystem_dnssd.dylib
0x0000000001f98000 	/usr/lib/system/libsystem_info.dylib
0x0000000001f98000 	/usr/lib/system/libsystem_kernel.dylib
0x0000000001f98000 	/usr/lib/system/libsystem_m.dylib
0x0000000001f98000 	/usr/lib/system/libsystem_malloc.dylib
0x0000000001f98000 	/usr/lib/system/libsystem_network.dylib
0x0000000001f98000 	/usr/lib/system/libsystem_networkextension.dylib
0x0000000001f98000 	/usr/lib/system/libsystem_notify.dylib
0x0000000001f98000 	/usr/lib/system/libsystem_platform.dylib
0x0000000001f98000 	/usr/lib/system/libsystem_pthread.dylib
0x0000000001f98000 	/usr/lib/system/libsystem_sandbox.dylib
0x0000000001f98000 	/usr/lib/system/libsystem_secinit.dylib
0x0000000001f98000 	/usr/lib/system/libsystem_stats.dylib
0x0000000001f98000 	/usr/lib/system/libsystem_trace.dylib
0x0000000001f98000 	/usr/lib/system/libunc.dylib
0x0000000001f98000 	/usr/lib/system/libunwind.dylib
0x0000000001f98000 	/usr/lib/system/libxpc.dylib
0x0000000001f98000 	/usr/lib/libbz2.1.0.dylib
0x0000000001f98000 	/usr/lib/liblzma.5.dylib
0x0000000001f98000 	/usr/lib/libbsm.0.dylib
0x0000000001f98000 	/usr/lib/libsqlite3.dylib
0x0000000001f98000 	/usr/lib/system/libkxld.dylib
0x0000000001f98000 	/usr/lib/libxar.1.dylib
0x0000000001f98000 	/usr/lib/libpam.2.dylib
0x0000000001f98000 	/usr/lib/libOpenScriptingUtil.dylib
0x0000000001f98000 	/System/Library/Frameworks/CoreServices.framework/Versions/A/Frameworks/FSEvents.framework/Versions/A/FSEvents
0x0000000001f98000 	/System/Library/Frameworks/CoreServices.framework/Versions/A/Frameworks/CarbonCore.framework/Versions/A/CarbonCore
0x0000000001f98000 	/System/Library/Frameworks/CoreServices.framework/Versions/A/Frameworks/Metadata.framework/Versions/A/Metadata
0x0000000001f98000 	/System/Library/Frameworks/CoreServices.framework/Versions/A/Frameworks/OSServices.framework/Versions/A/OSServices
0x0000000001f98000 	/System/Library/Frameworks/CoreServices.framework/Versions/A/Frameworks/SearchKit.framework/Versions/A/SearchKit
0x0000000001f98000 	/System/Library/Frameworks/CoreServices.framework/Versions/A/Frameworks/AE.framework/Versions/A/AE
0x0000000001f98000 	/System/Library/Frameworks/CoreServices.framework/Versions/A/Frameworks/LaunchServices.framework/Versions/A/LaunchServices
0x0000000001f98000 	/System/Library/Frameworks/CoreServices.framework/Versions/A/Frameworks/DictionaryServices.framework/Versions/A/DictionaryServices
0x0000000001f98000 	/System/Library/Frameworks/NetFS.framework/Versions/A/NetFS
0x0000000001f98000 	/System/Library/PrivateFrameworks/NetAuth.framework/Versions/A/NetAuth
0x0000000001f98000 	/System/Library/PrivateFrameworks/login.framework/Versions/A/Frameworks/loginsupport.framework/Versions/A/loginsupport
0x0000000001f98000 	/System/Library/PrivateFrameworks/TCC.framework/Versions/A/TCC
0x0000000001f98000 	/usr/lib/libmecabra.dylib
0x0000000001f98000 	/System/Library/Frameworks/ApplicationServices.framework/Versions/A/Frameworks/ATS.framework/Versions/A/ATS
0x0000000001f98000 	/System/Library/Frameworks/ApplicationServices.framework/Versions/A/Frameworks/ColorSync.framework/Versions/A/ColorSync
0x0000000001f98000 	/System/Library/Frameworks/ApplicationServices.framework/Versions/A/Frameworks/HIServices.framework/Versions/A/HIServices
0x0000000001f98000 	/System/Library/Frameworks/ApplicationServices.framework/Versions/A/Frameworks/LangAnalysis.framework/Versions/A/LangAnalysis
0x0000000001f98000 	/System/Library/Frameworks/ApplicationServices.framework/Versions/A/Frameworks/PrintCore.framework/Versions/A/PrintCore
0x0000000001f98000 	/System/Library/Frameworks/ApplicationServices.framework/Versions/A/Frameworks/QD.framework/Versions/A/QD
0x0000000001f98000 	/System/Library/Frameworks/ApplicationServices.framework/Versions/A/Frameworks/SpeechSynthesis.framework/Versions/A/SpeechSynthesis
0x0000000001f98000 	/System/Library/Frameworks/Accelerate.framework/Versions/A/Accelerate
0x0000000001f98000 	/System/Library/Frameworks/Accelerate.framework/Versions/A/Frameworks/vImage.framework/Versions/A/vImage
0x0000000001f98000 	/System/Library/Frameworks/Accelerate.framework/Versions/A/Frameworks/vecLib.framework/Versions/A/vecLib
0x0000000001f98000 	/System/Library/Frameworks/Accelerate.framework/Versions/A/Frameworks/vecLib.framework/Versions/A/libvDSP.dylib
0x0000000001f98000 	/System/Library/Frameworks/Accelerate.framework/Versions/A/Frameworks/vecLib.framework/Versions/A/libvMisc.dylib
0x0000000001f98000 	/System/Library/Frameworks/Accelerate.framework/Versions/A/Frameworks/vecLib.framework/Versions/A/libLAPACK.dylib
0x0000000001f98000 	/System/Library/Frameworks/Accelerate.framework/Versions/A/Frameworks/vecLib.framework/Versions/A/libBLAS.dylib
0x0000000001f98000 	/System/Library/Frameworks/Accelerate.framework/Versions/A/Frameworks/vecLib.framework/Versions/A/libLinearAlgebra.dylib
0x0000000001f98000 	/System/Library/Frameworks/ApplicationServices.framework/Versions/A/Frameworks/ATS.framework/Versions/A/Resources/libFontParser.dylib
0x0000000001f98000 	/System/Library/Frameworks/ApplicationServices.framework/Versions/A/Frameworks/ATS.framework/Versions/A/Resources/libFontRegistry.dylib
0x0000000001f98000 	/System/Library/PrivateFrameworks/AppleVPA.framework/Versions/A/AppleVPA
0x0000000001f98000 	/System/Library/PrivateFrameworks/AppleJPEG.framework/Versions/A/AppleJPEG
0x0000000001f98000 	/System/Library/Frameworks/ImageIO.framework/Versions/A/Resources/libJPEG.dylib
0x0000000001f98000 	/System/Library/Frameworks/ImageIO.framework/Versions/A/Resources/libTIFF.dylib
0x0000000001f98000 	/System/Library/Frameworks/ImageIO.framework/Versions/A/Resources/libPng.dylib
0x0000000001f98000 	/System/Library/Frameworks/ImageIO.framework/Versions/A/Resources/libGIF.dylib
0x0000000001f98000 	/System/Library/Frameworks/ImageIO.framework/Versions/A/Resources/libJP2.dylib
0x0000000001f98000 	/System/Library/Frameworks/ImageIO.framework/Versions/A/Resources/libRadiance.dylib
0x0000000001f98000 	/System/Library/Frameworks/CoreVideo.framework/Versions/A/CoreVideo
0x0000000001f98000 	/System/Library/Frameworks/OpenGL.framework/Versions/A/Libraries/libGLU.dylib
0x0000000001f98000 	/System/Library/Frameworks/OpenGL.framework/Versions/A/Libraries/libGFXShared.dylib
0x0000000001f98000 	/System/Library/Frameworks/OpenGL.framework/Versions/A/Libraries/libGL.dylib
0x0000000001f98000 	/System/Library/Frameworks/OpenGL.framework/Versions/A/Libraries/libGLImage.dylib
0x0000000001f98000 	/System/Library/Frameworks/OpenGL.framework/Versions/A/Libraries/libCVMSPluginSupport.dylib
0x0000000001f98000 	/System/Library/Frameworks/OpenGL.framework/Versions/A/Libraries/libCoreVMClient.dylib
0x0000000001f98000 	/usr/lib/libcups.2.dylib
0x0000000001f98000 	/System/Library/Frameworks/Kerberos.framework/Versions/A/Kerberos
0x0000000001f98000 	/System/Library/Frameworks/GSS.framework/Versions/A/GSS
0x0000000001f98000 	/usr/lib/libresolv.9.dylib
0x0000000001f98000 	/usr/lib/libiconv.2.dylib
0x0000000001f98000 	/System/Library/PrivateFrameworks/Heimdal.framework/Versions/A/Heimdal
0x0000000001f98000 	/usr/lib/libheimdal-asn1.dylib
0x0000000001f98000 	/System/Library/Frameworks/OpenDirectory.framework/Versions/A/OpenDirectory
0x0000000001f98000 	/System/Library/PrivateFrameworks/CommonAuth.framework/Versions/A/CommonAuth
0x0000000001f98000 	/System/Library/Frameworks/OpenDirectory.framework/Versions/A/Frameworks/CFOpenDirectory.framework/Versions/A/CFOpenDirectory
0x0000000001f98000 	/System/Library/Frameworks/SecurityFoundation.framework/Versions/A/SecurityFoundation
0x0000000001f98000 	/System/Library/PrivateFrameworks/LanguageModeling.framework/Versions/A/LanguageModeling
0x0000000001f98000 	/usr/lib/libcmph.dylib
0x0000000001f98000 	/System/Library/Frameworks/ServiceManagement.framework/Versions/A/ServiceManagement
0x0000000001f98000 	/usr/lib/libxslt.1.dylib
0x0000000001f98000 	/System/Library/Frameworks/Carbon.framework/Versions/A/Frameworks/Ink.framework/Versions/A/Ink
0x0000000001f98000 	/System/Library/Frameworks/QuartzCore.framework/Versions/A/Frameworks/CoreImage.framework/Versions/A/CoreImage
0x0000000001f98000 	/System/Library/PrivateFrameworks/CrashReporterSupport.framework/Versions/A/CrashReporterSupport
0x0000000001f98000 	/System/Library/Frameworks/OpenCL.framework/Versions/A/OpenCL
0x0000000001f98000 	/System/Library/PrivateFrameworks/FaceCore.framework/Versions/A/FaceCore
0x0000000001f98000 	/System/Library/PrivateFrameworks/Ubiquity.framework/Versions/A/Ubiquity
0x0000000001f98000 	/System/Library/PrivateFrameworks/IconServices.framework/Versions/A/IconServices
0x0000000001f98000 	/System/Library/PrivateFrameworks/ChunkingLibrary.framework/Versions/A/ChunkingLibrary
0x0000000001f98000 	/System/Library/PrivateFrameworks/Apple80211.framework/Versions/A/Apple80211
0x0000000001f98000 	/System/Library/Frameworks/CoreWLAN.framework/Versions/A/CoreWLAN
0x0000000001f98000 	/System/Library/Frameworks/IOBluetooth.framework/Versions/A/IOBluetooth
0x0000000001f98000 	/System/Library/PrivateFrameworks/CoreWiFi.framework/Versions/A/CoreWiFi
0x0000000001f98000 	/System/Library/Frameworks/CoreBluetooth.framework/Versions/A/CoreBluetooth
0x0000000001f98000 	/System/Library/PrivateFrameworks/DebugSymbols.framework/Versions/A/DebugSymbols
0x0000000001f98000 	/System/Library/PrivateFrameworks/CoreSymbolication.framework/Versions/A/CoreSymbolication
0x0000000001f98000 	/System/Library/PrivateFrameworks/Symbolication.framework/Versions/A/Symbolication
0x0000000001f98000 	/System/Library/PrivateFrameworks/SpeechRecognitionCore.framework/Versions/A/SpeechRecognitionCore
0x000000010e59a000 	/Library/Java/JavaVirtualMachines/jdk1.8.0_25.jdk/Contents/Home/jre/lib/server/libjvm.dylib
0x0000000001f98000 	/usr/lib/libstdc++.6.dylib
0x000000010f5b9000 	/Library/Java/JavaVirtualMachines/jdk1.8.0_25.jdk/Contents/Home/jre/lib/libverify.dylib
0x000000010f5c7000 	/Library/Java/JavaVirtualMachines/jdk1.8.0_25.jdk/Contents/Home/jre/lib/libjava.dylib
0x000000010fa1c000 	/Library/Java/JavaVirtualMachines/jdk1.8.0_25.jdk/Contents/Home/jre/lib/libzip.dylib
0x000000011ede6000 	/System/Library/Frameworks/JavaVM.framework/Frameworks/JavaRuntimeSupport.framework/JavaRuntimeSupport
0x00000001e546e000 	/System/Library/Frameworks/JavaVM.framework/Versions/A/Frameworks/JavaNativeFoundation.framework/Versions/A/JavaNativeFoundation
0x00000001e5482000 	/System/Library/Frameworks/JavaVM.framework/Versions/A/JavaVM
0x0000000001f98000 	/System/Library/Frameworks/Carbon.framework/Versions/A/Carbon
0x00000001e548e000 	/System/Library/PrivateFrameworks/JavaLaunching.framework/Versions/A/JavaLaunching
0x0000000001f98000 	/System/Library/Frameworks/Carbon.framework/Versions/A/Frameworks/CommonPanels.framework/Versions/A/CommonPanels
0x0000000001f98000 	/System/Library/Frameworks/Carbon.framework/Versions/A/Frameworks/Help.framework/Versions/A/Help
0x0000000001f98000 	/System/Library/Frameworks/Carbon.framework/Versions/A/Frameworks/ImageCapture.framework/Versions/A/ImageCapture
0x0000000001f98000 	/System/Library/Frameworks/Carbon.framework/Versions/A/Frameworks/OpenScripting.framework/Versions/A/OpenScripting
0x0000000001f98000 	/System/Library/Frameworks/Carbon.framework/Versions/A/Frameworks/Print.framework/Versions/A/Print
0x0000000001f98000 	/System/Library/Frameworks/Carbon.framework/Versions/A/Frameworks/SecurityHI.framework/Versions/A/SecurityHI
0x00000001e71ff000 	/Library/Java/JavaVirtualMachines/jdk1.8.0_25.jdk/Contents/Home/jre/lib/libawt.dylib
0x00000001e72ae000 	/Library/Java/JavaVirtualMachines/jdk1.8.0_25.jdk/Contents/Home/jre/lib/./libmlib_image.dylib
0x00000001e737a000 	/Library/Java/JavaVirtualMachines/jdk1.8.0_25.jdk/Contents/Home/jre/lib/libawt_lwawt.dylib
0x00000001e742d000 	/Library/Java/JavaVirtualMachines/jdk1.8.0_25.jdk/Contents/Home/jre/lib/./libosxapp.dylib
0x0000000001f98000 	/System/Library/Frameworks/ExceptionHandling.framework/Versions/A/ExceptionHandling
0x0000000001f98000 	/System/Library/PrivateFrameworks/CoreServicesInternal.framework/Versions/A/CoreServicesInternal
0x0000000001f98000 	/System/Library/PrivateFrameworks/CloudDocs.framework/Versions/A/CloudDocs
0x0000000001f98000 	/System/Library/PrivateFrameworks/CoreDuet.framework/Versions/A/CoreDuet
0x0000000001f98000 	/System/Library/Frameworks/CloudKit.framework/Versions/A/CloudKit
0x0000000001f98000 	/System/Library/PrivateFrameworks/ProtocolBuffer.framework/Versions/A/ProtocolBuffer
0x0000000001f98000 	/System/Library/PrivateFrameworks/CoreDuetDaemonProtocol.framework/Versions/A/CoreDuetDaemonProtocol
0x0000000001f98000 	/System/Library/PrivateFrameworks/CoreDuetDebugLogging.framework/Versions/A/CoreDuetDebugLogging
0x0000000001f98000 	/System/Library/PrivateFrameworks/MMCS.framework/Versions/A/MMCS
0x0000000001f98000 	/System/Library/Frameworks/CoreLocation.framework/Versions/A/CoreLocation
0x0000000001f98000 	/System/Library/PrivateFrameworks/ProtectedCloudStorage.framework/Versions/A/ProtectedCloudStorage
0x0000000001f98000 	/System/Library/PrivateFrameworks/GeoServices.framework/Versions/A/GeoServices
0x0000000001f98000 	/System/Library/Frameworks/CoreGraphics.framework/Versions/A/Resources/libCGCMS.A.dylib
0x0000000001f98000 	/System/Library/Frameworks/CoreGraphics.framework/Versions/A/Resources/libRIP.A.dylib
0x0000000001f98000 	/System/Library/Frameworks/CoreGraphics.framework/Versions/A/Resources/libCGXType.A.dylib
0x0000000001f98000 	/System/Library/Frameworks/OpenCL.framework/Versions/A/Libraries/libcldcpuengine.dylib
0x0000000001f98000 	/System/Library/PrivateFrameworks/DiskImages.framework/Versions/A/DiskImages
0x0000000001f98000 	/System/Library/Frameworks/DiscRecording.framework/Versions/A/DiscRecording
0x0000000001f98000 	/usr/lib/libcsfde.dylib
0x0000000001f98000 	/usr/lib/libcurl.4.dylib
0x0000000001f98000 	/System/Library/PrivateFrameworks/MediaKit.framework/Versions/A/MediaKit
0x0000000001f98000 	/usr/lib/libCoreStorage.dylib
0x0000000001f98000 	/System/Library/PrivateFrameworks/EFILogin.framework/Versions/A/EFILogin
0x0000000001f98000 	/usr/lib/libutil.dylib
0x0000000001f98000 	/System/Library/PrivateFrameworks/FindMyDevice.framework/Versions/A/FindMyDevice
0x0000000001f98000 	/System/Library/Frameworks/LDAP.framework/Versions/A/LDAP
0x0000000001f98000 	/usr/lib/libsasl2.2.dylib
0x0000000001f98000 	/System/Library/PrivateFrameworks/CoreDaemon.framework/Versions/B/CoreDaemon
0x0000000001f98000 	/usr/lib/libcrypto.0.9.8.dylib
0x0000000001f98000 	/System/Library/PrivateFrameworks/AppleSRP.framework/Versions/A/AppleSRP
0x0000000001f98000 	/System/Library/PrivateFrameworks/TrustEvaluationAgent.framework/Versions/A/TrustEvaluationAgent
0x00000001ea27d000 	cl_kernels
0x00000001ea27f000 	/System/Library/Frameworks/OpenCL.framework/Versions/A/Libraries/ImageFormats/unorm8_bgra.dylib
0x00000001ea3a9000 	cl_kernels
0x0000000001f98000 	/System/Library/PrivateFrameworks/FamilyControls.framework/Versions/A/FamilyControls
0x0000000001f98000 	/System/Library/PrivateFrameworks/CommerceKit.framework/Versions/A/Frameworks/CommerceCore.framework/Versions/A/CommerceCore
0x0000000001f98000 	/System/Library/PrivateFrameworks/SystemAdministration.framework/Versions/A/SystemAdministration
0x0000000001f98000 	/System/Library/PrivateFrameworks/AppContainer.framework/Versions/A/AppContainer
0x0000000001f98000 	/System/Library/PrivateFrameworks/SecCodeWrapper.framework/Versions/A/SecCodeWrapper
0x0000000001f98000 	/System/Library/Frameworks/DirectoryService.framework/Versions/A/DirectoryService
0x0000000001f98000 	/System/Library/PrivateFrameworks/LoginUIKit.framework/Versions/A/Frameworks/LoginUICore.framework/Versions/A/LoginUICore
0x0000000001f98000 	/usr/lib/libodfde.dylib
0x00000001eb449000 	/Library/Java/JavaVirtualMachines/jdk1.8.0_25.jdk/Contents/Home/jre/lib/libfontmanager.dylib
0x0000000001f98000 	/System/Library/Frameworks/OpenGL.framework/Versions/A/Resources/GLEngine.bundle/GLEngine
0x0000000001f98000 	/System/Library/Frameworks/OpenGL.framework/Versions/A/Libraries/libGLProgrammability.dylib
0x0000000000000000 	/System/Library/Extensions/GeForceTeslaGLDriver.bundle/Contents/MacOS/GeForceTeslaGLDriver
0x00000001eb6b6000 	/System/Library/Extensions/GeForceTeslaGLDriver.bundle/Contents/MacOS/libclh.dylib
0x00000001e97ba000 	/System/Library/PrivateFrameworks/GPUSupport.framework/Versions/A/Libraries/libGPUSupport.dylib
0x0000000001f98000 	/System/Library/Frameworks/OpenGL.framework/Versions/A/Resources/GLRendererFloat.bundle/GLRendererFloat
0x00000001ec554000 	/Library/Java/JavaVirtualMachines/jdk1.8.0_25.jdk/Contents/Home/jre/lib/libosxui.dylib
0x00000001ec621000 	/Library/Java/JavaVirtualMachines/jdk1.8.0_25.jdk/Contents/Home/jre/lib/libnet.dylib
0x00000001ec571000 	/Library/Java/JavaVirtualMachines/jdk1.8.0_25.jdk/Contents/Home/jre/lib/libnio.dylib
0x0000000001f98000 	/System/Library/Frameworks/Accelerate.framework/Versions/A/Frameworks/vImage.framework/Versions/A/Libraries/libCGInterfaces.dylib

VM Arguments:
jvm_args: -Dfile.encoding=UTF-8 
java_command: edu.rosehulman.sws.gui.WebServer
java_class_path (initial): /Users/csse/Documents/workspace/477-WebServer/edu.rosehulman.sws/bin
Launcher Type: SUN_STANDARD

Environment Variables:
PATH=/usr/bin:/bin:/usr/sbin:/sbin
SHELL=/bin/bash

Signal Handlers:
SIGSEGV: [libjvm.dylib+0x579dc7], sa_mask[0]=11111111011111110111111111111111, sa_flags=SA_ONSTACK|SA_RESTART|SA_SIGINFO
SIGBUS: [libjvm.dylib+0x579dc7], sa_mask[0]=11111111011111110111111111111111, sa_flags=SA_RESTART|SA_SIGINFO
SIGFPE: [libjvm.dylib+0x45b030], sa_mask[0]=11111111011111110111111111111111, sa_flags=SA_RESTART|SA_SIGINFO
SIGPIPE: [libjvm.dylib+0x45b030], sa_mask[0]=11111111011111110111111111111111, sa_flags=SA_RESTART|SA_SIGINFO
SIGXFSZ: [libjvm.dylib+0x45b030], sa_mask[0]=11111111011111110111111111111111, sa_flags=SA_RESTART|SA_SIGINFO
SIGILL: [libjvm.dylib+0x45b030], sa_mask[0]=11111111011111110111111111111111, sa_flags=SA_RESTART|SA_SIGINFO
SIGUSR1: SIG_DFL, sa_mask[0]=00000000000000000000000000000000, sa_flags=none
SIGUSR2: [libjvm.dylib+0x45ab4e], sa_mask[0]=00100000000000000000000000000000, sa_flags=SA_RESTART|SA_SIGINFO
SIGHUP: [libjvm.dylib+0x459121], sa_mask[0]=11111111011111110111111111111111, sa_flags=SA_RESTART|SA_SIGINFO
SIGINT: [libjvm.dylib+0x459121], sa_mask[0]=11111111011111110111111111111111, sa_flags=SA_RESTART|SA_SIGINFO
SIGTERM: [libjvm.dylib+0x459121], sa_mask[0]=11111111011111110111111111111111, sa_flags=SA_RESTART|SA_SIGINFO
SIGQUIT: [libjvm.dylib+0x459121], sa_mask[0]=11111111011111110111111111111111, sa_flags=SA_RESTART|SA_SIGINFO


---------------  S Y S T E M  ---------------

OS:Bsduname:Darwin 14.3.0 Darwin Kernel Version 14.3.0: Mon Mar 23 11:59:05 PDT 2015; root:xnu-2782.20.48~5/RELEASE_X86_64 x86_64
rlimit: STACK 8192k, CORE 0k, NPROC 709, NOFILE 10240, AS infinity
load average:1.49 1.46 1.42

CPU:total 2 (2 cores per cpu, 1 threads per core) family 6 model 23 stepping 10, cmov, cx8, fxsr, mmx, sse, sse2, sse3, ssse3, sse4.1, tsc

Memory: 4k page, physical 8388608k(1876788k free)

/proc/meminfo:


vm_info: Java HotSpot(TM) 64-Bit Server VM (25.25-b02) for bsd-amd64 JRE (1.8.0_25-b17), built on Sep 17 2014 16:56:50 by "java_re" with gcc 4.2.1 (Based on Apple Inc. build 5658) (LLVM build 2336.11.00)

time: Mon May  4 02:25:36 2015
elapsed time: 113 seconds (0d 0h 1m 53s)

