#
# A fatal error has been detected by the Java Runtime Environment:
#
#  SIGSEGV (0xb) at pc=0x00007fff84c5f75a, pid=2411, tid=59395
#
# JRE version: Java(TM) SE Runtime Environment (8.0_25-b17) (build 1.8.0_25-b17)
# Java VM: Java HotSpot(TM) 64-Bit Server VM (25.25-b02 mixed mode bsd-amd64 compressed oops)
# Problematic frame:
# C  [libsystem_platform.dylib+0x575a]  _platform_memmove$VARIANT$Merom+0x51a
#
# Failed to write core dump. Core dumps have been disabled. To enable core dumping, try "ulimit -c unlimited" before starting Java again
#
# If you would like to submit a bug report, please visit:
#   http://bugreport.sun.com/bugreport/crash.jsp
# The crash happened outside the Java Virtual Machine in native code.
# See problematic frame for where to report the bug.
#

---------------  T H R E A D  ---------------

Current thread (0x00007fa123413000):  JavaThread "Thread-2" [_thread_in_native, id=59395, stack(0x00000001319b0000,0x0000000131ab0000)]

siginfo: si_signo: 11 (SIGSEGV), si_code: 1 (SEGV_MAPERR), si_addr: 0x000000012c7b4000

Registers:
RAX=0x00007fff84c5f742, RBX=0x000000012c7b3bdd, RCX=0xffffffffffffb780, RDX=0x0000000000000037
RSP=0x0000000131aae400, RBP=0x0000000131aae400, RSI=0x000000012c7b884b, RDI=0x00007fa1233f2040
R8 =0x00007fff84c5f2cc, R9 =0x0000000000000019, R10=0x00000000d06527fd, R11=0x00007fa1233ed400
R12=0x000000003e36b422, R13=0x000000009b726860, R14=0x000000008be50b9a, R15=0x00000000000098ad
RIP=0x00007fff84c5f75a, EFLAGS=0x0000000000010282, ERR=0x0000000000000004
  TRAPNO=0x000000000000000e

Top of Stack: (sp=0x0000000131aae400)
0x0000000131aae400:   0000000131aae470 000000010f26c02d
0x0000000131aae410:   000000ad2355c318 0000000000000098
0x0000000131aae420:   000000000000c2e4 00007fa1233ed400
0x0000000131aae430:   0000000000004c77 00007fa1251aab20
0x0000000131aae440:   00007fa125209940 00007fa1251aab20
0x0000000131aae450:   00007fa1251aacc0 0000000000000020
0x0000000131aae460:   0000000037618dcc 00007fa1251a1da0
0x0000000131aae470:   0000000131aae4d0 000000010f26c554
0x0000000131aae480:   0000000131aae4f9 0000000131aae4f8
0x0000000131aae490:   0000000900000000 0000000a01413000
0x0000000131aae4a0:   0000000131aae4ee 0000000131aae9b8
0x0000000131aae4b0:   000000000000000a 0000000131aae4ee
0x0000000131aae4c0:   00007fa1251aab20 00007fa1234131e8
0x0000000131aae4d0:   0000000131aae920 000000010f26b34f
0x0000000131aae4e0:   0000000123b7df41 6f72000100000001
0x0000000131aae4f0:   7478742e73657475 000000012355c300
0x0000000131aae500:   00007fa123413000 000000012355c318
0x0000000131aae510:   00007fa122c0f350 0000000123325650
0x0000000131aae520:   0000000123558730 0000000123325650
0x0000000131aae530:   0000000123325650 0000000123325650
0x0000000131aae540:   00000007c0002678 0000000131aae828
0x0000000131aae550:   00007fa123413000 0000000131aae620
0x0000000131aae560:   0000000131aae5e0 000000010e5a0ae9
0x0000000131aae570:   00000001fffffffe 00007fa123413000
0x0000000131aae580:   00007fa123413000 0000000123325650
0x0000000131aae590:   00007fa123413000 0000000123325650
0x0000000131aae5a0:   00007fa123413000 0000000123325650
0x0000000131aae5b0:   0000000123325650 00000007c00d80a8
0x0000000131aae5c0:   0000000131aae6a0 0000000123325650
0x0000000131aae5d0:   0000000123b3ef20 0000000123b3ef00
0x0000000131aae5e0:   0000000131aae660 000000010e5a6980
0x0000000131aae5f0:   00007fa123413000 0000000123912698 

Instructions: (pc=0x00007fff84c5f75a)
0x00007fff84c5f73a:   40 75 ab e9 16 fb ff ff 66 0f 6f 44 0e f5 66 0f
0x00007fff84c5f74a:   6f 4c 0e 05 66 0f 6f 54 0e 15 66 0f 6f 5c 0e 25
0x00007fff84c5f75a:   66 0f 6f 64 0e 35 66 0f 6f e8 66 0f 6f c4 66 0f
0x00007fff84c5f76a:   3a 0f e3 0b 66 0f 3a 0f da 0b 66 0f 3a 0f d1 0b 

Register to memory mapping:

RAX=0x00007fff84c5f742: _platform_memmove$VARIANT$Merom+0x502 in /usr/lib/system/libsystem_platform.dylib at 0x00007fff84c5a000
RBX=0x000000012c7b3bdd is an unknown value
RCX=0xffffffffffffb780 is an unknown value
RDX=0x0000000000000037 is an unknown value
RSP=0x0000000131aae400 is pointing into the stack for thread: 0x00007fa123413000
RBP=0x0000000131aae400 is pointing into the stack for thread: 0x00007fa123413000
RSI=0x000000012c7b884b is an unknown value
RDI=0x00007fa1233f2040 is an unknown value
R8 =0x00007fff84c5f2cc: _platform_memmove$VARIANT$Merom+0x8c in /usr/lib/system/libsystem_platform.dylib at 0x00007fff84c5a000
R9 =0x0000000000000019 is an unknown value
R10=0x00000000d06527fd is an unknown value
R11=0x00007fa1233ed400 is an unknown value
R12=0x000000003e36b422 is an unknown value
R13=0x000000009b726860 is an unknown value
R14=0x000000008be50b9a is an unknown value
R15=0x00000000000098ad is an unknown value


Stack: [0x00000001319b0000,0x0000000131ab0000],  sp=0x0000000131aae400,  free space=1017k
Native frames: (J=compiled Java code, j=interpreted, Vv=VM code, C=native code)
C  [libsystem_platform.dylib+0x575a]  _platform_memmove$VARIANT$Merom+0x51a
C  [libzip.dylib+0x302d]  newEntry+0x2c8
C  [libzip.dylib+0x3554]  ZIP_GetEntry2+0xd4
C  [libzip.dylib+0x234f]  Java_java_util_zip_ZipFile_getEntry+0xcf
j  java.util.zip.ZipFile.getEntry(J[BZ)J+0
j  java.util.zip.ZipFile.getEntry(Ljava/lang/String;)Ljava/util/zip/ZipEntry;+38
j  java.util.jar.JarFile.getEntry(Ljava/lang/String;)Ljava/util/zip/ZipEntry;+2
j  sun.net.www.protocol.jar.URLJarFile.getEntry(Ljava/lang/String;)Ljava/util/zip/ZipEntry;+2
j  sun.net.www.protocol.jar.JarURLConnection.connect()V+62
j  sun.net.www.protocol.jar.JarURLConnection.getInputStream()Ljava/io/InputStream;+1
j  java.net.URLClassLoader.getResourceAsStream(Ljava/lang/String;)Ljava/io/InputStream;+18
j  java.lang.Class.getResourceAsStream(Ljava/lang/String;)Ljava/io/InputStream;+22
j  edu.rosehulman.sws.extension.AbstractPlugin.loadServlets(Ljava/lang/String;)V+19
j  edu.rosehulman.sws.extension.AbstractPlugin.<init>()V+13
j  PluginMccormjt.<init>()V+1
v  ~StubRoutines::call_stub
V  [libjvm.dylib+0x2d4516]
V  [libjvm.dylib+0x4a30be]
V  [libjvm.dylib+0x4a33e9]
V  [libjvm.dylib+0x3229c1]
j  sun.reflect.NativeConstructorAccessorImpl.newInstance0(Ljava/lang/reflect/Constructor;[Ljava/lang/Object;)Ljava/lang/Object;+0
j  sun.reflect.NativeConstructorAccessorImpl.newInstance([Ljava/lang/Object;)Ljava/lang/Object;+85
j  sun.reflect.DelegatingConstructorAccessorImpl.newInstance([Ljava/lang/Object;)Ljava/lang/Object;+5
j  java.lang.reflect.Constructor.newInstance([Ljava/lang/Object;)Ljava/lang/Object;+79
j  edu.rosehulman.sws.server.URLParser.extractClassFromJar(Ljava/io/File;Ljava/lang/String;Ljava/lang/String;)Ljava/lang/Object;+83
j  edu.rosehulman.sws.server.PluginLoader.launchPlugin(Ljava/lang/String;)V+56
j  edu.rosehulman.sws.server.PluginLoader.processEvents()V+214
j  edu.rosehulman.sws.server.PluginLoader.watchPlugins()V+17
j  edu.rosehulman.sws.server.PluginLoaderThreadRunnable.run()V+4
j  java.lang.Thread.run()V+11
v  ~StubRoutines::call_stub
V  [libjvm.dylib+0x2d4516]
V  [libjvm.dylib+0x2d4ca4]
V  [libjvm.dylib+0x2d4e50]
V  [libjvm.dylib+0x32583f]
V  [libjvm.dylib+0x535ed9]
V  [libjvm.dylib+0x53761c]
V  [libjvm.dylib+0x45d87e]
C  [libsystem_pthread.dylib+0x3268]  _pthread_body+0x83
C  [libsystem_pthread.dylib+0x31e5]  _pthread_body+0x0
C  [libsystem_pthread.dylib+0x141d]  thread_start+0xd
C  0x0000000000000000

Java frames: (J=compiled Java code, j=interpreted, Vv=VM code)
j  java.util.zip.ZipFile.getEntry(J[BZ)J+0
j  java.util.zip.ZipFile.getEntry(Ljava/lang/String;)Ljava/util/zip/ZipEntry;+38
j  java.util.jar.JarFile.getEntry(Ljava/lang/String;)Ljava/util/zip/ZipEntry;+2
j  sun.net.www.protocol.jar.URLJarFile.getEntry(Ljava/lang/String;)Ljava/util/zip/ZipEntry;+2
j  sun.net.www.protocol.jar.JarURLConnection.connect()V+62
j  sun.net.www.protocol.jar.JarURLConnection.getInputStream()Ljava/io/InputStream;+1
j  java.net.URLClassLoader.getResourceAsStream(Ljava/lang/String;)Ljava/io/InputStream;+18
j  java.lang.Class.getResourceAsStream(Ljava/lang/String;)Ljava/io/InputStream;+22
j  edu.rosehulman.sws.extension.AbstractPlugin.loadServlets(Ljava/lang/String;)V+19
j  edu.rosehulman.sws.extension.AbstractPlugin.<init>()V+13
j  PluginMccormjt.<init>()V+1
v  ~StubRoutines::call_stub
j  sun.reflect.NativeConstructorAccessorImpl.newInstance0(Ljava/lang/reflect/Constructor;[Ljava/lang/Object;)Ljava/lang/Object;+0
j  sun.reflect.NativeConstructorAccessorImpl.newInstance([Ljava/lang/Object;)Ljava/lang/Object;+85
j  sun.reflect.DelegatingConstructorAccessorImpl.newInstance([Ljava/lang/Object;)Ljava/lang/Object;+5
j  java.lang.reflect.Constructor.newInstance([Ljava/lang/Object;)Ljava/lang/Object;+79
j  edu.rosehulman.sws.server.URLParser.extractClassFromJar(Ljava/io/File;Ljava/lang/String;Ljava/lang/String;)Ljava/lang/Object;+83
j  edu.rosehulman.sws.server.PluginLoader.launchPlugin(Ljava/lang/String;)V+56
j  edu.rosehulman.sws.server.PluginLoader.processEvents()V+214
j  edu.rosehulman.sws.server.PluginLoader.watchPlugins()V+17
j  edu.rosehulman.sws.server.PluginLoaderThreadRunnable.run()V+4
j  java.lang.Thread.run()V+11
v  ~StubRoutines::call_stub

---------------  P R O C E S S  ---------------

Java Threads: ( => current thread )
  0x00007fa123414800 JavaThread "Thread-3" daemon [_thread_blocked, id=59915, stack(0x0000000131ab3000,0x0000000131bb3000)]
=>0x00007fa123413000 JavaThread "Thread-2" [_thread_in_native, id=59395, stack(0x00000001319b0000,0x0000000131ab0000)]
  0x00007fa12342b000 JavaThread "Thread-1" [_thread_blocked, id=58883, stack(0x000000013156d000,0x000000013166d000)]
  0x00007fa12342a000 JavaThread "Thread-0" [_thread_in_native, id=58599, stack(0x000000013146a000,0x000000013156a000)]
  0x00007fa123b0d800 JavaThread "TimerQueue" daemon [_thread_blocked, id=52875, stack(0x000000012c320000,0x000000012c420000)]
  0x00007fa123a7b000 JavaThread "Java2D Disposer" daemon [_thread_blocked, id=51243, stack(0x000000012bb21000,0x000000012bc21000)]
  0x00007fa123271000 JavaThread "Java2D Queue Flusher" daemon [_thread_blocked, id=48927, stack(0x000000012ac7d000,0x000000012ad7d000)]
  0x00007fa123801000 JavaThread "DestroyJavaVM" [_thread_blocked, id=4867, stack(0x000000010f11d000,0x000000010f21d000)]
  0x00007fa123915800 JavaThread "AWT-EventQueue-0" [_thread_blocked, id=46855, stack(0x000000012ab7a000,0x000000012ac7a000)]
  0x00007fa1238a9000 JavaThread "AWT-Shutdown" [_thread_blocked, id=27415, stack(0x00000001281cf000,0x00000001282cf000)]
  0x00007fa1238a1800 JavaThread "AppKit Thread" daemon [_thread_in_native, id=1811, stack(0x00007fff51719000,0x00007fff51f19000)]
  0x00007fa123071800 JavaThread "Service Thread" daemon [_thread_blocked, id=16387, stack(0x0000000126644000,0x0000000126744000)]
  0x00007fa123836800 JavaThread "C1 CompilerThread1" daemon [_thread_blocked, id=15875, stack(0x0000000126541000,0x0000000126641000)]
  0x00007fa123830800 JavaThread "C2 CompilerThread0" daemon [_thread_blocked, id=15363, stack(0x000000012643e000,0x000000012653e000)]
  0x00007fa123071000 JavaThread "Signal Dispatcher" daemon [_thread_blocked, id=11787, stack(0x000000012633b000,0x000000012643b000)]
  0x00007fa12381b000 JavaThread "Finalizer" daemon [_thread_blocked, id=10499, stack(0x000000012499e000,0x0000000124a9e000)]
  0x00007fa12381a800 JavaThread "Reference Handler" daemon [_thread_blocked, id=9987, stack(0x000000012489b000,0x000000012499b000)]

Other Threads:
  0x00007fa123816000 VMThread [stack: 0x0000000124798000,0x0000000124898000] [id=9475]
  0x00007fa12382f800 WatcherThread [stack: 0x0000000126747000,0x0000000126847000] [id=16899]

VM state:not at safepoint (normal execution)

VM Mutex/Monitor currently owned by a thread: None

Heap:
 PSYoungGen      total 38400K, used 31617K [0x0000000795580000, 0x0000000798000000, 0x00000007c0000000)
  eden space 33280K, 86% used [0x0000000795580000,0x000000079718fd40,0x0000000797600000)
  from space 5120K, 56% used [0x0000000797600000,0x00000007978d08a8,0x0000000797b00000)
  to   space 5120K, 0% used [0x0000000797b00000,0x0000000797b00000,0x0000000798000000)
 ParOldGen       total 87552K, used 16K [0x0000000740000000, 0x0000000745580000, 0x0000000795580000)
  object space 87552K, 0% used [0x0000000740000000,0x0000000740004000,0x0000000745580000)
 Metaspace       used 12309K, capacity 12490K, committed 12544K, reserved 1060864K
  class space    used 1467K, capacity 1517K, committed 1536K, reserved 1048576K

Card table byte_map: [0x000000011e632000,0x000000011ea33000] byte_map_base: 0x000000011ac32000

Marking Bits: (ParMarkBitMap*) 0x000000010ea9d390
 Begin Bits: [0x000000011eee4000, 0x0000000120ee4000)
 End Bits:   [0x0000000120ee4000, 0x0000000122ee4000)

Polling page: 0x000000010ddfc000

CodeCache: size=245760Kb used=6017Kb max_used=6034Kb free=239742Kb
 bounds [0x000000010f272000, 0x000000010f872000, 0x000000011e272000]
 total_blobs=2199 nmethods=1664 adapters=450
 compilation: enabled

Compilation events (10 events):
Event: 682.699 Thread 0x00007fa123836800 1812       3       java.lang.Character::isSurrogate (18 bytes)
Event: 682.700 Thread 0x00007fa123836800 nmethod 1812 0x000000010f4fc3d0 code [0x000000010f4fc540, 0x000000010f4fc710]
Event: 682.703 Thread 0x00007fa123836800 1814       3       java.nio.Buffer::checkIndex (22 bytes)
Event: 682.703 Thread 0x00007fa123836800 nmethod 1814 0x000000010f4fb590 code [0x000000010f4fb700, 0x000000010f4fb988]
Event: 682.703 Thread 0x00007fa123836800 1815       3       java.nio.DirectLongBufferU::ix (10 bytes)
Event: 682.703 Thread 0x00007fa123836800 nmethod 1815 0x000000010f4fb290 code [0x000000010f4fb3e0, 0x000000010f4fb530]
Event: 682.704 Thread 0x00007fa123836800 1816       3       java.nio.Buffer::position (43 bytes)
Event: 682.704 Thread 0x00007fa123836800 nmethod 1816 0x000000010f558650 code [0x000000010f5587c0, 0x000000010f558a68]
Event: 682.704 Thread 0x00007fa123836800 1817       3       java.nio.Buffer::hasRemaining (17 bytes)
Event: 682.704 Thread 0x00007fa123836800 nmethod 1817 0x000000010f5582d0 code [0x000000010f558440, 0x000000010f5585f0]

GC Heap History (2 events):
Event: 293.797 GC heap before
{Heap before GC invocations=1 (full 0):
 PSYoungGen      total 38400K, used 33280K [0x0000000795580000, 0x0000000798000000, 0x00000007c0000000)
  eden space 33280K, 100% used [0x0000000795580000,0x0000000797600000,0x0000000797600000)
  from space 5120K, 0% used [0x0000000797b00000,0x0000000797b00000,0x0000000798000000)
  to   space 5120K, 0% used [0x0000000797600000,0x0000000797600000,0x0000000797b00000)
 ParOldGen       total 87552K, used 0K [0x0000000740000000, 0x0000000745580000, 0x0000000795580000)
  object space 87552K, 0% used [0x0000000740000000,0x0000000740000000,0x0000000745580000)
 Metaspace       used 12215K, capacity 12420K, committed 12544K, reserved 1060864K
  class space    used 1455K, capacity 1515K, committed 1536K, reserved 1048576K
Event: 293.809 GC heap after
Heap after GC invocations=1 (full 0):
 PSYoungGen      total 38400K, used 2882K [0x0000000795580000, 0x0000000798000000, 0x00000007c0000000)
  eden space 33280K, 0% used [0x0000000795580000,0x0000000795580000,0x0000000797600000)
  from space 5120K, 56% used [0x0000000797600000,0x00000007978d08a8,0x0000000797b00000)
  to   space 5120K, 0% used [0x0000000797b00000,0x0000000797b00000,0x0000000798000000)
 ParOldGen       total 87552K, used 16K [0x0000000740000000, 0x0000000745580000, 0x0000000795580000)
  object space 87552K, 0% used [0x0000000740000000,0x0000000740004000,0x0000000745580000)
 Metaspace       used 12215K, capacity 12420K, committed 12544K, reserved 1060864K
  class space    used 1455K, capacity 1515K, committed 1536K, reserved 1048576K
}

Deoptimization events (10 events):
Event: 114.471 Thread 0x00007fa123915800 Uncommon trap: reason=array_check action=maybe_recompile pc=0x000000010f731a40 method=java.util.TimSort.binarySort([Ljava/lang/Object;IIILjava/util/Comparator;)V @ 193
Event: 114.471 Thread 0x00007fa123915800 Uncommon trap: reason=array_check action=maybe_recompile pc=0x000000010f731a40 method=java.util.TimSort.binarySort([Ljava/lang/Object;IIILjava/util/Comparator;)V @ 193
Event: 343.137 Thread 0x00007fa123915800 Uncommon trap: reason=predicate action=maybe_recompile pc=0x000000010f4aacfc method=java.util.TimSort.reverseRange([Ljava/lang/Object;II)V @ 8
Event: 352.205 Thread 0x00007fa123915800 Uncommon trap: reason=array_check action=maybe_recompile pc=0x000000010f4fcfb0 method=java.util.TimSort.reverseRange([Ljava/lang/Object;II)V @ 20
Event: 352.207 Thread 0x00007fa123915800 Uncommon trap: reason=array_check action=maybe_recompile pc=0x000000010f4fcfb0 method=java.util.TimSort.reverseRange([Ljava/lang/Object;II)V @ 20
Event: 352.207 Thread 0x00007fa123915800 Uncommon trap: reason=array_check action=maybe_recompile pc=0x000000010f4fcfb0 method=java.util.TimSort.reverseRange([Ljava/lang/Object;II)V @ 20
Event: 352.709 Thread 0x00007fa123915800 Uncommon trap: reason=array_check action=maybe_recompile pc=0x000000010f4fcfb0 method=java.util.TimSort.reverseRange([Ljava/lang/Object;II)V @ 20
Event: 354.724 Thread 0x00007fa123915800 Uncommon trap: reason=array_check action=maybe_recompile pc=0x000000010f7f8838 method=java.util.TimSort.reverseRange([Ljava/lang/Object;II)V @ 27
Event: 354.724 Thread 0x00007fa123915800 Uncommon trap: reason=array_check action=maybe_recompile pc=0x000000010f7f8838 method=java.util.TimSort.reverseRange([Ljava/lang/Object;II)V @ 27
Event: 568.678 Thread 0x00007fa12342b000 Uncommon trap: reason=unreached action=reinterpret pc=0x000000010f7318e8 method=java.util.concurrent.locks.AbstractQueuedSynchronizer.acquireQueued(Ljava/util/concurrent/locks/AbstractQueuedSynchronizer$Node;I)Z @ 17

Internal exceptions (10 events):
Event: 2.660 Thread 0x00007fa12342a000 Exception <a 'java/security/PrivilegedActionException'> (0x0000000795ed9468) thrown at [/HUDSON3/workspace/8-2-build-macosx-x86_64/jdk8u25/1514/hotspot/src/share/vm/prims/jvm.cpp, line 1312]
Event: 2.683 Thread 0x00007fa12342a000 Exception <a 'java/security/PrivilegedActionException'> (0x0000000795ee8f60) thrown at [/HUDSON3/workspace/8-2-build-macosx-x86_64/jdk8u25/1514/hotspot/src/share/vm/prims/jvm.cpp, line 1312]
Event: 25.670 Thread 0x00007fa12342a000 Exception <a 'java/security/PrivilegedActionException'> (0x0000000795eeb860) thrown at [/HUDSON3/workspace/8-2-build-macosx-x86_64/jdk8u25/1514/hotspot/src/share/vm/prims/jvm.cpp, line 1312]
Event: 25.681 Thread 0x00007fa1239a2000 Exception <a 'java/security/PrivilegedActionException'> (0x000000079633aaa0) thrown at [/HUDSON3/workspace/8-2-build-macosx-x86_64/jdk8u25/1514/hotspot/src/share/vm/prims/jvm.cpp, line 1312]
Event: 25.682 Thread 0x00007fa1239a2000 Exception <a 'java/security/PrivilegedActionException'> (0x000000079633dbd0) thrown at [/HUDSON3/workspace/8-2-build-macosx-x86_64/jdk8u25/1514/hotspot/src/share/vm/prims/jvm.cpp, line 1312]
Event: 25.683 Thread 0x00007fa1239a2000 Exception <a 'java/security/PrivilegedActionException'> (0x00000007963443e0) thrown at [/HUDSON3/workspace/8-2-build-macosx-x86_64/jdk8u25/1514/hotspot/src/share/vm/prims/jvm.cpp, line 1312]
Event: 25.684 Thread 0x00007fa1239a2000 Exception <a 'java/security/PrivilegedActionException'> (0x00000007963475d8) thrown at [/HUDSON3/workspace/8-2-build-macosx-x86_64/jdk8u25/1514/hotspot/src/share/vm/prims/jvm.cpp, line 1312]
Event: 293.812 Thread 0x00007fa12381b000 Exception <a 'java/lang/NullPointerException'> (0x00000007956b59d8) thrown at [/HUDSON3/workspace/8-2-build-macosx-x86_64/jdk8u25/1514/hotspot/src/share/vm/interpreter/linkResolver.cpp, line 1178]
Event: 682.703 Thread 0x00007fa123413000 Exception <a 'java/security/PrivilegedActionException'> (0x0000000797143b48) thrown at [/HUDSON3/workspace/8-2-build-macosx-x86_64/jdk8u25/1514/hotspot/src/share/vm/prims/jvm.cpp, line 1312]
Event: 682.703 Thread 0x00007fa123413000 Exception <a 'java/security/PrivilegedActionException'> (0x0000000797144c00) thrown at [/HUDSON3/workspace/8-2-build-macosx-x86_64/jdk8u25/1514/hotspot/src/share/vm/prims/jvm.cpp, line 1312]

Events (10 events):
Event: 682.701 loading class java/util/Formatter$Flags
Event: 682.701 loading class java/util/Formatter$Flags done
Event: 682.701 loading class java/util/Formatter$Conversion
Event: 682.701 loading class java/util/Formatter$Conversion done
Event: 682.702 loading class java/util/Formatter$FixedString
Event: 682.702 loading class java/util/Formatter$FixedString done
Event: 682.702 loading class java/util/Formattable
Event: 682.702 loading class java/util/Formattable done
Event: 682.703 loading class PluginMccormjt
Event: 682.703 loading class PluginMccormjt done


Dynamic libraries:
0x0000000001f98000 	/System/Library/Frameworks/Cocoa.framework/Versions/A/Cocoa
0x0000000001f98000 	/System/Library/Frameworks/Security.framework/Versions/A/Security
0x0000000001f98000 	/System/Library/Frameworks/ApplicationServices.framework/Versions/A/ApplicationServices
0x0000000001f98000 	/usr/lib/libz.1.dylib
0x0000000001f98000 	/usr/lib/libSystem.B.dylib
0x0000000001f98000 	/usr/lib/libobjc.A.dylib
0x0000000001f98000 	/System/Library/Frameworks/CoreFoundation.framework/Versions/A/CoreFoundation
0x0000000001f98000 	/System/Library/Frameworks/Foundation.framework/Versions/C/Foundation
0x0000000001f98000 	/System/Library/Frameworks/AppKit.framework/Versions/C/AppKit
0x0000000001f98000 	/System/Library/Frameworks/CoreData.framework/Versions/A/CoreData
0x0000000001f98000 	/System/Library/PrivateFrameworks/RemoteViewServices.framework/Versions/A/RemoteViewServices
0x0000000001f98000 	/System/Library/PrivateFrameworks/UIFoundation.framework/Versions/A/UIFoundation
0x0000000001f98000 	/System/Library/Frameworks/IOSurface.framework/Versions/A/IOSurface
0x0000000001f98000 	/System/Library/Frameworks/AudioToolbox.framework/Versions/A/AudioToolbox
0x0000000001f98000 	/System/Library/Frameworks/AudioUnit.framework/Versions/A/AudioUnit
0x0000000001f98000 	/System/Library/PrivateFrameworks/DataDetectorsCore.framework/Versions/A/DataDetectorsCore
0x0000000001f98000 	/System/Library/PrivateFrameworks/DesktopServicesPriv.framework/Versions/A/DesktopServicesPriv
0x0000000001f98000 	/System/Library/Frameworks/Carbon.framework/Versions/A/Frameworks/HIToolbox.framework/Versions/A/HIToolbox
0x0000000001f98000 	/System/Library/Frameworks/QuartzCore.framework/Versions/A/QuartzCore
0x0000000001f98000 	/System/Library/Frameworks/Carbon.framework/Versions/A/Frameworks/SpeechRecognition.framework/Versions/A/SpeechRecognition
0x0000000001f98000 	/usr/lib/libauto.dylib
0x0000000001f98000 	/usr/lib/libicucore.A.dylib
0x0000000001f98000 	/usr/lib/libxml2.2.dylib
0x0000000001f98000 	/System/Library/PrivateFrameworks/CoreUI.framework/Versions/A/CoreUI
0x0000000001f98000 	/System/Library/Frameworks/CoreAudio.framework/Versions/A/CoreAudio
0x0000000001f98000 	/System/Library/Frameworks/DiskArbitration.framework/Versions/A/DiskArbitration
0x0000000001f98000 	/usr/lib/liblangid.dylib
0x0000000001f98000 	/System/Library/PrivateFrameworks/MultitouchSupport.framework/Versions/A/MultitouchSupport
0x0000000001f98000 	/System/Library/Frameworks/IOKit.framework/Versions/A/IOKit
0x0000000001f98000 	/usr/lib/libDiagnosticMessagesClient.dylib
0x0000000001f98000 	/System/Library/Frameworks/CoreServices.framework/Versions/A/CoreServices
0x0000000001f98000 	/System/Library/PrivateFrameworks/PerformanceAnalysis.framework/Versions/A/PerformanceAnalysis
0x0000000001f98000 	/System/Library/PrivateFrameworks/GenerationalStorage.framework/Versions/A/GenerationalStorage
0x0000000001f98000 	/System/Library/Frameworks/OpenGL.framework/Versions/A/OpenGL
0x0000000001f98000 	/System/Library/PrivateFrameworks/Sharing.framework/Versions/A/Sharing
0x0000000001f98000 	/System/Library/Frameworks/CoreGraphics.framework/Versions/A/CoreGraphics
0x0000000001f98000 	/System/Library/Frameworks/CoreText.framework/Versions/A/CoreText
0x0000000001f98000 	/System/Library/Frameworks/ImageIO.framework/Versions/A/ImageIO
0x0000000001f98000 	/usr/lib/libextension.dylib
0x0000000001f98000 	/System/Library/PrivateFrameworks/Backup.framework/Versions/A/Backup
0x0000000001f98000 	/usr/lib/libarchive.2.dylib
0x0000000001f98000 	/System/Library/Frameworks/CFNetwork.framework/Versions/A/CFNetwork
0x0000000001f98000 	/System/Library/Frameworks/SystemConfiguration.framework/Versions/A/SystemConfiguration
0x0000000001f98000 	/usr/lib/libCRFSuite.dylib
0x0000000001f98000 	/usr/lib/libc++.1.dylib
0x0000000001f98000 	/usr/lib/libc++abi.dylib
0x0000000001f98000 	/usr/lib/system/libcache.dylib
0x0000000001f98000 	/usr/lib/system/libcommonCrypto.dylib
0x0000000001f98000 	/usr/lib/system/libcompiler_rt.dylib
0x0000000001f98000 	/usr/lib/system/libcopyfile.dylib
0x0000000001f98000 	/usr/lib/system/libcorecrypto.dylib
0x0000000001f98000 	/usr/lib/system/libdispatch.dylib
0x0000000001f98000 	/usr/lib/system/libdyld.dylib
0x0000000001f98000 	/usr/lib/system/libkeymgr.dylib
0x0000000001f98000 	/usr/lib/system/liblaunch.dylib
0x0000000001f98000 	/usr/lib/system/libmacho.dylib
0x0000000001f98000 	/usr/lib/system/libquarantine.dylib
0x0000000001f98000 	/usr/lib/system/libremovefile.dylib
0x0000000001f98000 	/usr/lib/system/libsystem_asl.dylib
0x0000000001f98000 	/usr/lib/system/libsystem_blocks.dylib
0x0000000001f98000 	/usr/lib/system/libsystem_c.dylib
0x0000000001f98000 	/usr/lib/system/libsystem_configuration.dylib
0x0000000001f98000 	/usr/lib/system/libsystem_coreservices.dylib
0x0000000001f98000 	/usr/lib/system/libsystem_coretls.dylib
0x0000000001f98000 	/usr/lib/system/libsystem_dnssd.dylib
0x0000000001f98000 	/usr/lib/system/libsystem_info.dylib
0x0000000001f98000 	/usr/lib/system/libsystem_kernel.dylib
0x0000000001f98000 	/usr/lib/system/libsystem_m.dylib
0x0000000001f98000 	/usr/lib/system/libsystem_malloc.dylib
0x0000000001f98000 	/usr/lib/system/libsystem_network.dylib
0x0000000001f98000 	/usr/lib/system/libsystem_networkextension.dylib
0x0000000001f98000 	/usr/lib/system/libsystem_notify.dylib
0x0000000001f98000 	/usr/lib/system/libsystem_platform.dylib
0x0000000001f98000 	/usr/lib/system/libsystem_pthread.dylib
0x0000000001f98000 	/usr/lib/system/libsystem_sandbox.dylib
0x0000000001f98000 	/usr/lib/system/libsystem_secinit.dylib
0x0000000001f98000 	/usr/lib/system/libsystem_stats.dylib
0x0000000001f98000 	/usr/lib/system/libsystem_trace.dylib
0x0000000001f98000 	/usr/lib/system/libunc.dylib
0x0000000001f98000 	/usr/lib/system/libunwind.dylib
0x0000000001f98000 	/usr/lib/system/libxpc.dylib
0x0000000001f98000 	/usr/lib/libbz2.1.0.dylib
0x0000000001f98000 	/usr/lib/liblzma.5.dylib
0x0000000001f98000 	/usr/lib/libbsm.0.dylib
0x0000000001f98000 	/usr/lib/libsqlite3.dylib
0x0000000001f98000 	/usr/lib/system/libkxld.dylib
0x0000000001f98000 	/usr/lib/libxar.1.dylib
0x0000000001f98000 	/usr/lib/libpam.2.dylib
0x0000000001f98000 	/usr/lib/libOpenScriptingUtil.dylib
0x0000000001f98000 	/System/Library/Frameworks/CoreServices.framework/Versions/A/Frameworks/FSEvents.framework/Versions/A/FSEvents
0x0000000001f98000 	/System/Library/Frameworks/CoreServices.framework/Versions/A/Frameworks/CarbonCore.framework/Versions/A/CarbonCore
0x0000000001f98000 	/System/Library/Frameworks/CoreServices.framework/Versions/A/Frameworks/Metadata.framework/Versions/A/Metadata
0x0000000001f98000 	/System/Library/Frameworks/CoreServices.framework/Versions/A/Frameworks/OSServices.framework/Versions/A/OSServices
0x0000000001f98000 	/System/Library/Frameworks/CoreServices.framework/Versions/A/Frameworks/SearchKit.framework/Versions/A/SearchKit
0x0000000001f98000 	/System/Library/Frameworks/CoreServices.framework/Versions/A/Frameworks/AE.framework/Versions/A/AE
0x0000000001f98000 	/System/Library/Frameworks/CoreServices.framework/Versions/A/Frameworks/LaunchServices.framework/Versions/A/LaunchServices
0x0000000001f98000 	/System/Library/Frameworks/CoreServices.framework/Versions/A/Frameworks/DictionaryServices.framework/Versions/A/DictionaryServices
0x0000000001f98000 	/System/Library/Frameworks/NetFS.framework/Versions/A/NetFS
0x0000000001f98000 	/System/Library/PrivateFrameworks/NetAuth.framework/Versions/A/NetAuth
0x0000000001f98000 	/System/Library/PrivateFrameworks/login.framework/Versions/A/Frameworks/loginsupport.framework/Versions/A/loginsupport
0x0000000001f98000 	/System/Library/PrivateFrameworks/TCC.framework/Versions/A/TCC
0x0000000001f98000 	/usr/lib/libmecabra.dylib
0x0000000001f98000 	/System/Library/Frameworks/ApplicationServices.framework/Versions/A/Frameworks/ATS.framework/Versions/A/ATS
0x0000000001f98000 	/System/Library/Frameworks/ApplicationServices.framework/Versions/A/Frameworks/ColorSync.framework/Versions/A/ColorSync
0x0000000001f98000 	/System/Library/Frameworks/ApplicationServices.framework/Versions/A/Frameworks/HIServices.framework/Versions/A/HIServices
0x0000000001f98000 	/System/Library/Frameworks/ApplicationServices.framework/Versions/A/Frameworks/LangAnalysis.framework/Versions/A/LangAnalysis
0x0000000001f98000 	/System/Library/Frameworks/ApplicationServices.framework/Versions/A/Frameworks/PrintCore.framework/Versions/A/PrintCore
0x0000000001f98000 	/System/Library/Frameworks/ApplicationServices.framework/Versions/A/Frameworks/QD.framework/Versions/A/QD
0x0000000001f98000 	/System/Library/Frameworks/ApplicationServices.framework/Versions/A/Frameworks/SpeechSynthesis.framework/Versions/A/SpeechSynthesis
0x0000000001f98000 	/System/Library/Frameworks/Accelerate.framework/Versions/A/Accelerate
0x0000000001f98000 	/System/Library/Frameworks/Accelerate.framework/Versions/A/Frameworks/vImage.framework/Versions/A/vImage
0x0000000001f98000 	/System/Library/Frameworks/Accelerate.framework/Versions/A/Frameworks/vecLib.framework/Versions/A/vecLib
0x0000000001f98000 	/System/Library/Frameworks/Accelerate.framework/Versions/A/Frameworks/vecLib.framework/Versions/A/libvDSP.dylib
0x0000000001f98000 	/System/Library/Frameworks/Accelerate.framework/Versions/A/Frameworks/vecLib.framework/Versions/A/libvMisc.dylib
0x0000000001f98000 	/System/Library/Frameworks/Accelerate.framework/Versions/A/Frameworks/vecLib.framework/Versions/A/libLAPACK.dylib
0x0000000001f98000 	/System/Library/Frameworks/Accelerate.framework/Versions/A/Frameworks/vecLib.framework/Versions/A/libBLAS.dylib
0x0000000001f98000 	/System/Library/Frameworks/Accelerate.framework/Versions/A/Frameworks/vecLib.framework/Versions/A/libLinearAlgebra.dylib
0x0000000001f98000 	/System/Library/Frameworks/ApplicationServices.framework/Versions/A/Frameworks/ATS.framework/Versions/A/Resources/libFontParser.dylib
0x0000000001f98000 	/System/Library/Frameworks/ApplicationServices.framework/Versions/A/Frameworks/ATS.framework/Versions/A/Resources/libFontRegistry.dylib
0x0000000001f98000 	/System/Library/PrivateFrameworks/AppleVPA.framework/Versions/A/AppleVPA
0x0000000001f98000 	/System/Library/PrivateFrameworks/AppleJPEG.framework/Versions/A/AppleJPEG
0x0000000001f98000 	/System/Library/Frameworks/ImageIO.framework/Versions/A/Resources/libJPEG.dylib
0x0000000001f98000 	/System/Library/Frameworks/ImageIO.framework/Versions/A/Resources/libTIFF.dylib
0x0000000001f98000 	/System/Library/Frameworks/ImageIO.framework/Versions/A/Resources/libPng.dylib
0x0000000001f98000 	/System/Library/Frameworks/ImageIO.framework/Versions/A/Resources/libGIF.dylib
0x0000000001f98000 	/System/Library/Frameworks/ImageIO.framework/Versions/A/Resources/libJP2.dylib
0x0000000001f98000 	/System/Library/Frameworks/ImageIO.framework/Versions/A/Resources/libRadiance.dylib
0x0000000001f98000 	/System/Library/Frameworks/CoreVideo.framework/Versions/A/CoreVideo
0x0000000001f98000 	/System/Library/Frameworks/OpenGL.framework/Versions/A/Libraries/libGLU.dylib
0x0000000001f98000 	/System/Library/Frameworks/OpenGL.framework/Versions/A/Libraries/libGFXShared.dylib
0x0000000001f98000 	/System/Library/Frameworks/OpenGL.framework/Versions/A/Libraries/libGL.dylib
0x0000000001f98000 	/System/Library/Frameworks/OpenGL.framework/Versions/A/Libraries/libGLImage.dylib
0x0000000001f98000 	/System/Library/Frameworks/OpenGL.framework/Versions/A/Libraries/libCVMSPluginSupport.dylib
0x0000000001f98000 	/System/Library/Frameworks/OpenGL.framework/Versions/A/Libraries/libCoreVMClient.dylib
0x0000000001f98000 	/usr/lib/libcups.2.dylib
0x0000000001f98000 	/System/Library/Frameworks/Kerberos.framework/Versions/A/Kerberos
0x0000000001f98000 	/System/Library/Frameworks/GSS.framework/Versions/A/GSS
0x0000000001f98000 	/usr/lib/libresolv.9.dylib
0x0000000001f98000 	/usr/lib/libiconv.2.dylib
0x0000000001f98000 	/System/Library/PrivateFrameworks/Heimdal.framework/Versions/A/Heimdal
0x0000000001f98000 	/usr/lib/libheimdal-asn1.dylib
0x0000000001f98000 	/System/Library/Frameworks/OpenDirectory.framework/Versions/A/OpenDirectory
0x0000000001f98000 	/System/Library/PrivateFrameworks/CommonAuth.framework/Versions/A/CommonAuth
0x0000000001f98000 	/System/Library/Frameworks/OpenDirectory.framework/Versions/A/Frameworks/CFOpenDirectory.framework/Versions/A/CFOpenDirectory
0x0000000001f98000 	/System/Library/Frameworks/SecurityFoundation.framework/Versions/A/SecurityFoundation
0x0000000001f98000 	/System/Library/PrivateFrameworks/LanguageModeling.framework/Versions/A/LanguageModeling
0x0000000001f98000 	/usr/lib/libcmph.dylib
0x0000000001f98000 	/System/Library/Frameworks/ServiceManagement.framework/Versions/A/ServiceManagement
0x0000000001f98000 	/usr/lib/libxslt.1.dylib
0x0000000001f98000 	/System/Library/Frameworks/Carbon.framework/Versions/A/Frameworks/Ink.framework/Versions/A/Ink
0x0000000001f98000 	/System/Library/Frameworks/QuartzCore.framework/Versions/A/Frameworks/CoreImage.framework/Versions/A/CoreImage
0x0000000001f98000 	/System/Library/PrivateFrameworks/CrashReporterSupport.framework/Versions/A/CrashReporterSupport
0x0000000001f98000 	/System/Library/Frameworks/OpenCL.framework/Versions/A/OpenCL
0x0000000001f98000 	/System/Library/PrivateFrameworks/FaceCore.framework/Versions/A/FaceCore
0x0000000001f98000 	/System/Library/PrivateFrameworks/Ubiquity.framework/Versions/A/Ubiquity
0x0000000001f98000 	/System/Library/PrivateFrameworks/IconServices.framework/Versions/A/IconServices
0x0000000001f98000 	/System/Library/PrivateFrameworks/ChunkingLibrary.framework/Versions/A/ChunkingLibrary
0x0000000001f98000 	/System/Library/PrivateFrameworks/Apple80211.framework/Versions/A/Apple80211
0x0000000001f98000 	/System/Library/Frameworks/CoreWLAN.framework/Versions/A/CoreWLAN
0x0000000001f98000 	/System/Library/Frameworks/IOBluetooth.framework/Versions/A/IOBluetooth
0x0000000001f98000 	/System/Library/PrivateFrameworks/CoreWiFi.framework/Versions/A/CoreWiFi
0x0000000001f98000 	/System/Library/Frameworks/CoreBluetooth.framework/Versions/A/CoreBluetooth
0x0000000001f98000 	/System/Library/PrivateFrameworks/DebugSymbols.framework/Versions/A/DebugSymbols
0x0000000001f98000 	/System/Library/PrivateFrameworks/CoreSymbolication.framework/Versions/A/CoreSymbolication
0x0000000001f98000 	/System/Library/PrivateFrameworks/Symbolication.framework/Versions/A/Symbolication
0x0000000001f98000 	/System/Library/PrivateFrameworks/SpeechRecognitionCore.framework/Versions/A/SpeechRecognitionCore
0x000000010e200000 	/Library/Java/JavaVirtualMachines/jdk1.8.0_25.jdk/Contents/Home/jre/lib/server/libjvm.dylib
0x0000000001f98000 	/usr/lib/libstdc++.6.dylib
0x000000010f21f000 	/Library/Java/JavaVirtualMachines/jdk1.8.0_25.jdk/Contents/Home/jre/lib/libverify.dylib
0x000000010f22d000 	/Library/Java/JavaVirtualMachines/jdk1.8.0_25.jdk/Contents/Home/jre/lib/libjava.dylib
0x000000010f269000 	/Library/Java/JavaVirtualMachines/jdk1.8.0_25.jdk/Contents/Home/jre/lib/libzip.dylib
0x0000000124aa0000 	/System/Library/Frameworks/JavaVM.framework/Frameworks/JavaRuntimeSupport.framework/JavaRuntimeSupport
0x0000000124ab6000 	/System/Library/Frameworks/JavaVM.framework/Versions/A/Frameworks/JavaNativeFoundation.framework/Versions/A/JavaNativeFoundation
0x0000000124aca000 	/System/Library/Frameworks/JavaVM.framework/Versions/A/JavaVM
0x0000000001f98000 	/System/Library/Frameworks/Carbon.framework/Versions/A/Carbon
0x0000000124ad6000 	/System/Library/PrivateFrameworks/JavaLaunching.framework/Versions/A/JavaLaunching
0x0000000001f98000 	/System/Library/Frameworks/Carbon.framework/Versions/A/Frameworks/CommonPanels.framework/Versions/A/CommonPanels
0x0000000001f98000 	/System/Library/Frameworks/Carbon.framework/Versions/A/Frameworks/Help.framework/Versions/A/Help
0x0000000001f98000 	/System/Library/Frameworks/Carbon.framework/Versions/A/Frameworks/ImageCapture.framework/Versions/A/ImageCapture
0x0000000001f98000 	/System/Library/Frameworks/Carbon.framework/Versions/A/Frameworks/OpenScripting.framework/Versions/A/OpenScripting
0x0000000001f98000 	/System/Library/Frameworks/Carbon.framework/Versions/A/Frameworks/Print.framework/Versions/A/Print
0x0000000001f98000 	/System/Library/Frameworks/Carbon.framework/Versions/A/Frameworks/SecurityHI.framework/Versions/A/SecurityHI
0x000000012684b000 	/Library/Java/JavaVirtualMachines/jdk1.8.0_25.jdk/Contents/Home/jre/lib/libawt.dylib
0x00000001268fa000 	/Library/Java/JavaVirtualMachines/jdk1.8.0_25.jdk/Contents/Home/jre/lib/./libmlib_image.dylib
0x00000001269c6000 	/Library/Java/JavaVirtualMachines/jdk1.8.0_25.jdk/Contents/Home/jre/lib/libawt_lwawt.dylib
0x0000000126a79000 	/Library/Java/JavaVirtualMachines/jdk1.8.0_25.jdk/Contents/Home/jre/lib/./libosxapp.dylib
0x0000000001f98000 	/System/Library/Frameworks/ExceptionHandling.framework/Versions/A/ExceptionHandling
0x0000000001f98000 	/System/Library/PrivateFrameworks/CoreServicesInternal.framework/Versions/A/CoreServicesInternal
0x0000000001f98000 	/System/Library/PrivateFrameworks/CloudDocs.framework/Versions/A/CloudDocs
0x0000000001f98000 	/System/Library/PrivateFrameworks/CoreDuet.framework/Versions/A/CoreDuet
0x0000000001f98000 	/System/Library/Frameworks/CloudKit.framework/Versions/A/CloudKit
0x0000000001f98000 	/System/Library/PrivateFrameworks/ProtocolBuffer.framework/Versions/A/ProtocolBuffer
0x0000000001f98000 	/System/Library/PrivateFrameworks/CoreDuetDaemonProtocol.framework/Versions/A/CoreDuetDaemonProtocol
0x0000000001f98000 	/System/Library/PrivateFrameworks/CoreDuetDebugLogging.framework/Versions/A/CoreDuetDebugLogging
0x0000000001f98000 	/System/Library/PrivateFrameworks/MMCS.framework/Versions/A/MMCS
0x0000000001f98000 	/System/Library/Frameworks/CoreLocation.framework/Versions/A/CoreLocation
0x0000000001f98000 	/System/Library/PrivateFrameworks/ProtectedCloudStorage.framework/Versions/A/ProtectedCloudStorage
0x0000000001f98000 	/System/Library/PrivateFrameworks/GeoServices.framework/Versions/A/GeoServices
0x0000000001f98000 	/System/Library/Frameworks/CoreGraphics.framework/Versions/A/Resources/libCGCMS.A.dylib
0x0000000001f98000 	/System/Library/Frameworks/CoreGraphics.framework/Versions/A/Resources/libRIP.A.dylib
0x0000000001f98000 	/System/Library/Frameworks/CoreGraphics.framework/Versions/A/Resources/libCGXType.A.dylib
0x0000000001f98000 	/System/Library/Frameworks/OpenCL.framework/Versions/A/Libraries/libcldcpuengine.dylib
0x0000000001f98000 	/System/Library/PrivateFrameworks/DiskImages.framework/Versions/A/DiskImages
0x0000000001f98000 	/System/Library/Frameworks/DiscRecording.framework/Versions/A/DiscRecording
0x0000000001f98000 	/usr/lib/libcsfde.dylib
0x0000000001f98000 	/usr/lib/libcurl.4.dylib
0x0000000001f98000 	/System/Library/PrivateFrameworks/MediaKit.framework/Versions/A/MediaKit
0x0000000001f98000 	/usr/lib/libCoreStorage.dylib
0x0000000001f98000 	/System/Library/PrivateFrameworks/EFILogin.framework/Versions/A/EFILogin
0x0000000001f98000 	/usr/lib/libutil.dylib
0x0000000001f98000 	/System/Library/PrivateFrameworks/FindMyDevice.framework/Versions/A/FindMyDevice
0x0000000001f98000 	/System/Library/Frameworks/LDAP.framework/Versions/A/LDAP
0x0000000001f98000 	/usr/lib/libsasl2.2.dylib
0x0000000001f98000 	/System/Library/PrivateFrameworks/CoreDaemon.framework/Versions/B/CoreDaemon
0x0000000001f98000 	/usr/lib/libcrypto.0.9.8.dylib
0x0000000001f98000 	/System/Library/PrivateFrameworks/AppleSRP.framework/Versions/A/AppleSRP
0x0000000001f98000 	/System/Library/PrivateFrameworks/TrustEvaluationAgent.framework/Versions/A/TrustEvaluationAgent
0x000000012994a000 	cl_kernels
0x000000012994c000 	/System/Library/Frameworks/OpenCL.framework/Versions/A/Libraries/ImageFormats/unorm8_bgra.dylib
0x000000012993b000 	cl_kernels
0x0000000001f98000 	/System/Library/PrivateFrameworks/FamilyControls.framework/Versions/A/FamilyControls
0x0000000001f98000 	/System/Library/PrivateFrameworks/CommerceKit.framework/Versions/A/Frameworks/CommerceCore.framework/Versions/A/CommerceCore
0x0000000001f98000 	/System/Library/PrivateFrameworks/SystemAdministration.framework/Versions/A/SystemAdministration
0x0000000001f98000 	/System/Library/PrivateFrameworks/AppContainer.framework/Versions/A/AppContainer
0x0000000001f98000 	/System/Library/PrivateFrameworks/SecCodeWrapper.framework/Versions/A/SecCodeWrapper
0x0000000001f98000 	/System/Library/Frameworks/DirectoryService.framework/Versions/A/DirectoryService
0x0000000001f98000 	/System/Library/PrivateFrameworks/LoginUIKit.framework/Versions/A/Frameworks/LoginUICore.framework/Versions/A/LoginUICore
0x0000000001f98000 	/usr/lib/libodfde.dylib
0x000000012ab12000 	/Library/Java/JavaVirtualMachines/jdk1.8.0_25.jdk/Contents/Home/jre/lib/libfontmanager.dylib
0x0000000001f98000 	/System/Library/Frameworks/OpenGL.framework/Versions/A/Resources/GLEngine.bundle/GLEngine
0x0000000001f98000 	/System/Library/Frameworks/OpenGL.framework/Versions/A/Libraries/libGLProgrammability.dylib
0x0000000000000000 	/System/Library/Extensions/GeForceTeslaGLDriver.bundle/Contents/MacOS/GeForceTeslaGLDriver
0x000000012ad7f000 	/System/Library/Extensions/GeForceTeslaGLDriver.bundle/Contents/MacOS/libclh.dylib
0x0000000128e7b000 	/System/Library/PrivateFrameworks/GPUSupport.framework/Versions/A/Libraries/libGPUSupport.dylib
0x0000000001f98000 	/System/Library/Frameworks/OpenGL.framework/Versions/A/Resources/GLRendererFloat.bundle/GLRendererFloat
0x000000012bc23000 	/Library/Java/JavaVirtualMachines/jdk1.8.0_25.jdk/Contents/Home/jre/lib/libosxui.dylib
0x000000012bcf0000 	/Library/Java/JavaVirtualMachines/jdk1.8.0_25.jdk/Contents/Home/jre/lib/libnet.dylib
0x000000012bc40000 	/Library/Java/JavaVirtualMachines/jdk1.8.0_25.jdk/Contents/Home/jre/lib/libnio.dylib
0x0000000001f98000 	/System/Library/Frameworks/Accelerate.framework/Versions/A/Frameworks/vImage.framework/Versions/A/Libraries/libCGInterfaces.dylib

VM Arguments:
jvm_args: -Dfile.encoding=UTF-8 
java_command: edu.rosehulman.sws.gui.WebServer
java_class_path (initial): /Users/csse/Documents/workspace/477-WebServer/edu.rosehulman.sws/bin
Launcher Type: SUN_STANDARD

Environment Variables:
PATH=/usr/bin:/bin:/usr/sbin:/sbin
SHELL=/bin/bash

Signal Handlers:
SIGSEGV: [libjvm.dylib+0x579dc7], sa_mask[0]=11111111011111110111111111111111, sa_flags=SA_ONSTACK|SA_RESTART|SA_SIGINFO
SIGBUS: [libjvm.dylib+0x579dc7], sa_mask[0]=11111111011111110111111111111111, sa_flags=SA_RESTART|SA_SIGINFO
SIGFPE: [libjvm.dylib+0x45b030], sa_mask[0]=11111111011111110111111111111111, sa_flags=SA_RESTART|SA_SIGINFO
SIGPIPE: [libjvm.dylib+0x45b030], sa_mask[0]=11111111011111110111111111111111, sa_flags=SA_RESTART|SA_SIGINFO
SIGXFSZ: [libjvm.dylib+0x45b030], sa_mask[0]=11111111011111110111111111111111, sa_flags=SA_RESTART|SA_SIGINFO
SIGILL: [libjvm.dylib+0x45b030], sa_mask[0]=11111111011111110111111111111111, sa_flags=SA_RESTART|SA_SIGINFO
SIGUSR1: SIG_DFL, sa_mask[0]=00000000000000000000000000000000, sa_flags=none
SIGUSR2: [libjvm.dylib+0x45ab4e], sa_mask[0]=00100000000000000000000000000000, sa_flags=SA_RESTART|SA_SIGINFO
SIGHUP: [libjvm.dylib+0x459121], sa_mask[0]=11111111011111110111111111111111, sa_flags=SA_RESTART|SA_SIGINFO
SIGINT: [libjvm.dylib+0x459121], sa_mask[0]=11111111011111110111111111111111, sa_flags=SA_RESTART|SA_SIGINFO
SIGTERM: [libjvm.dylib+0x459121], sa_mask[0]=11111111011111110111111111111111, sa_flags=SA_RESTART|SA_SIGINFO
SIGQUIT: [libjvm.dylib+0x459121], sa_mask[0]=11111111011111110111111111111111, sa_flags=SA_RESTART|SA_SIGINFO


---------------  S Y S T E M  ---------------

OS:Bsduname:Darwin 14.3.0 Darwin Kernel Version 14.3.0: Mon Mar 23 11:59:05 PDT 2015; root:xnu-2782.20.48~5/RELEASE_X86_64 x86_64
rlimit: STACK 8192k, CORE 0k, NPROC 709, NOFILE 10240, AS infinity
load average:1.25 1.51 1.98

CPU:total 2 (2 cores per cpu, 1 threads per core) family 6 model 23 stepping 10, cmov, cx8, fxsr, mmx, sse, sse2, sse3, ssse3, sse4.1, tsc

Memory: 4k page, physical 8388608k(1900468k free)

/proc/meminfo:


vm_info: Java HotSpot(TM) 64-Bit Server VM (25.25-b02) for bsd-amd64 JRE (1.8.0_25-b17), built on Sep 17 2014 16:56:50 by "java_re" with gcc 4.2.1 (Based on Apple Inc. build 5658) (LLVM build 2336.11.00)

time: Sun May  3 23:27:13 2015
elapsed time: 682 seconds (0d 0h 11m 22s)

