#
# A fatal error has been detected by the Java Runtime Environment:
#
#  SIGSEGV (0xb) at pc=0x00007fff84c5f37f, pid=3017, tid=59139
#
# JRE version: Java(TM) SE Runtime Environment (8.0_25-b17) (build 1.8.0_25-b17)
# Java VM: Java HotSpot(TM) 64-Bit Server VM (25.25-b02 mixed mode bsd-amd64 compressed oops)
# Problematic frame:
# C  [libsystem_platform.dylib+0x537f]  _platform_memmove$VARIANT$Merom+0x13f
#
# Failed to write core dump. Core dumps have been disabled. To enable core dumping, try "ulimit -c unlimited" before starting Java again
#
# If you would like to submit a bug report, please visit:
#   http://bugreport.sun.com/bugreport/crash.jsp
# The crash happened outside the Java Virtual Machine in native code.
# See problematic frame for where to report the bug.
#

---------------  T H R E A D  ---------------

Current thread (0x00007fa822bd7800):  JavaThread "Thread-2" [_thread_in_native, id=59139, stack(0x000000012d4ba000,0x000000012d5ba000)]

siginfo: si_signo: 11 (SIGSEGV), si_code: 1 (SEGV_MAPERR), si_addr: 0x000000012803c000

Registers:
RAX=0x00007fff84c5f379, RBX=0x0000000128039d43, RCX=0xffffffffffff5a00, RDX=0x000000000000003d
RSP=0x000000012d5b8400, RBP=0x000000012d5b8400, RSI=0x00000001280465f1, RDI=0x00007fa82480c880
R8 =0x00007fff84c5f2cc, R9 =0x000000000000001b, R10=0x00000000812dc0f2, R11=0x00007fa824800000
R12=0x00000000074b5023, R13=0x0000000008001400, R14=0x000000000d149708, R15=0x0000000000000000
RIP=0x00007fff84c5f37f, EFLAGS=0x0000000000010286, ERR=0x0000000000000004
  TRAPNO=0x000000000000000e

Top of Stack: (sp=0x000000012d5b8400)
0x000000012d5b8400:   000000012d5b8470 000000010a7e602d
0x000000012d5b8410:   000000001efecdf8 0000000000000000
0x000000012d5b8420:   0000000000005e00 00007fa824800000
0x000000012d5b8430:   000000000000c8bd 00007fa8240f3440
0x000000012d5b8440:   00007fa8241bef40 00007fa8240f3440
0x000000012d5b8450:   00007fa8240f3970 0000000000000020
0x000000012d5b8460:   0000000037618dcc 00007fa8240f4030
0x000000012d5b8470:   000000012d5b84d0 000000010a7e6554
0x000000012d5b8480:   000000012d5b84f9 000000012d5b84f8
0x000000012d5b8490:   0000000900000000 0000000a01bd7800
0x000000012d5b84a0:   000000012d5b84ee 000000012d5b89b8
0x000000012d5b84b0:   000000000000000a 000000012d5b84ee
0x000000012d5b84c0:   00007fa8240f3440 00007fa822bd79e8
0x000000012d5b84d0:   000000012d5b8920 000000010a7e534f
0x000000012d5b84e0:   000000011f60ef41 6f72000100000001
0x000000012d5b84f0:   7478742e73657475 000000011efecd00
0x000000012d5b8500:   00007fa822bd7800 000000011efecdf8
0x000000012d5b8510:   00007fa821cbaf10 000000011edb6650
0x000000012d5b8520:   000000011efe9210 000000011edb6650
0x000000012d5b8530:   000000011edb6650 000000011edb6650
0x000000012d5b8540:   00000007c0002678 000000012d5b8828
0x000000012d5b8550:   00007fa822bd7800 000000012d5b8620
0x000000012d5b8560:   000000012d5b85e0 0000000109c04ae9
0x000000012d5b8570:   00000001fffffffe 00007fa822bd7800
0x000000012d5b8580:   00007fa822bd7800 000000011edb6650
0x000000012d5b8590:   00007fa822bd7800 000000011edb6650
0x000000012d5b85a0:   00007fa822bd7800 000000011edb6650
0x000000012d5b85b0:   000000011edb6650 00000007c00d78a0
0x000000012d5b85c0:   000000012d5b86a0 000000011edb6650
0x000000012d5b85d0:   000000011f5cff20 000000011f5cff00
0x000000012d5b85e0:   000000012d5b8660 0000000109c0a980
0x000000012d5b85f0:   00007fa822bd7800 000000011f39b5a0 

Instructions: (pc=0x00007fff84c5f37f)
0x00007fff84c5f35f:   4c 0f 10 66 0f 7f 54 0f 20 66 0f 7f 5c 0f 30 48
0x00007fff84c5f36f:   83 c1 40 75 cc e9 df fe ff ff 66 0f 6f 44 0e ff
0x00007fff84c5f37f:   66 0f 6f 4c 0e 0f 66 0f 6f 54 0e 1f 66 0f 6f 5c
0x00007fff84c5f38f:   0e 2f 66 0f 6f 64 0e 3f 66 0f 6f e8 66 0f 6f c4 

Register to memory mapping:

RAX=0x00007fff84c5f379: _platform_memmove$VARIANT$Merom+0x139 in /usr/lib/system/libsystem_platform.dylib at 0x00007fff84c5a000
RBX=0x0000000128039d43 is an unknown value
RCX=0xffffffffffff5a00 is an unknown value
RDX=0x000000000000003d is an unknown value
RSP=0x000000012d5b8400 is pointing into the stack for thread: 0x00007fa822bd7800
RBP=0x000000012d5b8400 is pointing into the stack for thread: 0x00007fa822bd7800
RSI=0x00000001280465f1 is an unknown value
RDI=0x00007fa82480c880 is an unknown value
R8 =0x00007fff84c5f2cc: _platform_memmove$VARIANT$Merom+0x8c in /usr/lib/system/libsystem_platform.dylib at 0x00007fff84c5a000
R9 =0x000000000000001b is an unknown value
R10=0x00000000812dc0f2 is an unknown value
R11=0x00007fa824800000 is an unknown value
R12=0x00000000074b5023 is an unknown value
R13=0x0000000008001400 is an unknown value
R14=0x000000000d149708 is an unknown value
R15=0x0000000000000000 is an unknown value


Stack: [0x000000012d4ba000,0x000000012d5ba000],  sp=0x000000012d5b8400,  free space=1017k
Native frames: (J=compiled Java code, j=interpreted, Vv=VM code, C=native code)
C  [libsystem_platform.dylib+0x537f]  _platform_memmove$VARIANT$Merom+0x13f
C  [libzip.dylib+0x302d]  newEntry+0x2c8
C  [libzip.dylib+0x3554]  ZIP_GetEntry2+0xd4
C  [libzip.dylib+0x234f]  Java_java_util_zip_ZipFile_getEntry+0xcf
j  java.util.zip.ZipFile.getEntry(J[BZ)J+0
j  java.util.zip.ZipFile.getEntry(Ljava/lang/String;)Ljava/util/zip/ZipEntry;+38
j  java.util.jar.JarFile.getEntry(Ljava/lang/String;)Ljava/util/zip/ZipEntry;+2
j  sun.net.www.protocol.jar.URLJarFile.getEntry(Ljava/lang/String;)Ljava/util/zip/ZipEntry;+2
j  sun.net.www.protocol.jar.JarURLConnection.connect()V+62
j  sun.net.www.protocol.jar.JarURLConnection.getInputStream()Ljava/io/InputStream;+1
j  java.net.URLClassLoader.getResourceAsStream(Ljava/lang/String;)Ljava/io/InputStream;+18
j  java.lang.Class.getResourceAsStream(Ljava/lang/String;)Ljava/io/InputStream;+22
j  edu.rosehulman.sws.extension.AbstractPlugin.loadServlets(Ljava/lang/String;)V+19
j  edu.rosehulman.sws.extension.AbstractPlugin.<init>()V+13
j  PluginMccormjt.<init>()V+1
v  ~StubRoutines::call_stub
V  [libjvm.dylib+0x2d4516]  JavaCalls::call_helper(JavaValue*, methodHandle*, JavaCallArguments*, Thread*)+0x6ae
V  [libjvm.dylib+0x4a30be]  Reflection::invoke(instanceKlassHandle, methodHandle, Handle, bool, objArrayHandle, BasicType, objArrayHandle, bool, Thread*)+0xdf8
V  [libjvm.dylib+0x4a33e9]  Reflection::invoke_constructor(oopDesc*, objArrayHandle, Thread*)+0x181
V  [libjvm.dylib+0x3229c1]  JVM_NewInstanceFromConstructor+0x7c
j  sun.reflect.NativeConstructorAccessorImpl.newInstance0(Ljava/lang/reflect/Constructor;[Ljava/lang/Object;)Ljava/lang/Object;+0
j  sun.reflect.NativeConstructorAccessorImpl.newInstance([Ljava/lang/Object;)Ljava/lang/Object;+85
j  sun.reflect.DelegatingConstructorAccessorImpl.newInstance([Ljava/lang/Object;)Ljava/lang/Object;+5
j  java.lang.reflect.Constructor.newInstance([Ljava/lang/Object;)Ljava/lang/Object;+79
j  edu.rosehulman.sws.server.URLParser.extractClassFromJar(Ljava/io/File;Ljava/lang/String;Ljava/lang/String;)Ljava/lang/Object;+83
j  edu.rosehulman.sws.server.PluginLoader.launchPlugin(Ljava/lang/String;)V+56
j  edu.rosehulman.sws.server.PluginLoader.processEvents()V+214
j  edu.rosehulman.sws.server.PluginLoader.watchPlugins()V+17
j  edu.rosehulman.sws.server.PluginLoaderThreadRunnable.run()V+4
j  java.lang.Thread.run()V+11
v  ~StubRoutines::call_stub
V  [libjvm.dylib+0x2d4516]  JavaCalls::call_helper(JavaValue*, methodHandle*, JavaCallArguments*, Thread*)+0x6ae
V  [libjvm.dylib+0x2d4ca4]  JavaCalls::call_virtual(JavaValue*, KlassHandle, Symbol*, Symbol*, JavaCallArguments*, Thread*)+0x164
V  [libjvm.dylib+0x2d4e50]  JavaCalls::call_virtual(JavaValue*, Handle, KlassHandle, Symbol*, Symbol*, Thread*)+0x4a
V  [libjvm.dylib+0x32583f]  thread_entry(JavaThread*, Thread*)+0x7c
V  [libjvm.dylib+0x535ed9]  JavaThread::thread_main_inner()+0x9b
V  [libjvm.dylib+0x53761c]  JavaThread::run()+0x1c2
V  [libjvm.dylib+0x45d87e]  java_start(Thread*)+0xf6
C  [libsystem_pthread.dylib+0x3268]  _pthread_body+0x83
C  [libsystem_pthread.dylib+0x31e5]  _pthread_body+0x0
C  [libsystem_pthread.dylib+0x141d]  thread_start+0xd
C  0x0000000000000000

Java frames: (J=compiled Java code, j=interpreted, Vv=VM code)
j  java.util.zip.ZipFile.getEntry(J[BZ)J+0
j  java.util.zip.ZipFile.getEntry(Ljava/lang/String;)Ljava/util/zip/ZipEntry;+38
j  java.util.jar.JarFile.getEntry(Ljava/lang/String;)Ljava/util/zip/ZipEntry;+2
j  sun.net.www.protocol.jar.URLJarFile.getEntry(Ljava/lang/String;)Ljava/util/zip/ZipEntry;+2
j  sun.net.www.protocol.jar.JarURLConnection.connect()V+62
j  sun.net.www.protocol.jar.JarURLConnection.getInputStream()Ljava/io/InputStream;+1
j  java.net.URLClassLoader.getResourceAsStream(Ljava/lang/String;)Ljava/io/InputStream;+18
j  java.lang.Class.getResourceAsStream(Ljava/lang/String;)Ljava/io/InputStream;+22
j  edu.rosehulman.sws.extension.AbstractPlugin.loadServlets(Ljava/lang/String;)V+19
j  edu.rosehulman.sws.extension.AbstractPlugin.<init>()V+13
j  PluginMccormjt.<init>()V+1
v  ~StubRoutines::call_stub
j  sun.reflect.NativeConstructorAccessorImpl.newInstance0(Ljava/lang/reflect/Constructor;[Ljava/lang/Object;)Ljava/lang/Object;+0
j  sun.reflect.NativeConstructorAccessorImpl.newInstance([Ljava/lang/Object;)Ljava/lang/Object;+85
j  sun.reflect.DelegatingConstructorAccessorImpl.newInstance([Ljava/lang/Object;)Ljava/lang/Object;+5
j  java.lang.reflect.Constructor.newInstance([Ljava/lang/Object;)Ljava/lang/Object;+79
j  edu.rosehulman.sws.server.URLParser.extractClassFromJar(Ljava/io/File;Ljava/lang/String;Ljava/lang/String;)Ljava/lang/Object;+83
j  edu.rosehulman.sws.server.PluginLoader.launchPlugin(Ljava/lang/String;)V+56
j  edu.rosehulman.sws.server.PluginLoader.processEvents()V+214
j  edu.rosehulman.sws.server.PluginLoader.watchPlugins()V+17
j  edu.rosehulman.sws.server.PluginLoaderThreadRunnable.run()V+4
j  java.lang.Thread.run()V+11
v  ~StubRoutines::call_stub

---------------  P R O C E S S  ---------------

Java Threads: ( => current thread )
  0x00007fa822bbb800 JavaThread "Thread-3" daemon [_thread_blocked, id=59651, stack(0x000000012d5bd000,0x000000012d6bd000)]
=>0x00007fa822bd7800 JavaThread "Thread-2" [_thread_in_native, id=59139, stack(0x000000012d4ba000,0x000000012d5ba000)]
  0x00007fa8223d3800 JavaThread "Thread-1" [_thread_blocked, id=58635, stack(0x000000012cf0f000,0x000000012d00f000)]
  0x00007fa8223a0800 JavaThread "Thread-0" [_thread_in_native, id=57607, stack(0x000000012ce0c000,0x000000012cf0c000)]
  0x00007fa8229e2000 JavaThread "TimerQueue" daemon [_thread_blocked, id=52275, stack(0x0000000127d9e000,0x0000000127e9e000)]
  0x00007fa8221d9800 JavaThread "Java2D Disposer" daemon [_thread_blocked, id=48395, stack(0x000000012759f000,0x000000012769f000)]
  0x00007fa822194000 JavaThread "Java2D Queue Flusher" daemon [_thread_blocked, id=48647, stack(0x0000000126701000,0x0000000126801000)]
  0x00007fa822915000 JavaThread "DestroyJavaVM" [_thread_blocked, id=4867, stack(0x000000010ac01000,0x000000010ad01000)]
  0x00007fa82290c000 JavaThread "AWT-EventQueue-0" [_thread_blocked, id=47367, stack(0x00000001265fe000,0x00000001266fe000)]
  0x00007fa822101800 JavaThread "AWT-Shutdown" [_thread_blocked, id=27411, stack(0x0000000123bd8000,0x0000000123cd8000)]
  0x00007fa822885000 JavaThread "AppKit Thread" daemon [_thread_in_native, id=1811, stack(0x00007fff55c9a000,0x00007fff5649a000)]
  0x00007fa822076000 JavaThread "Service Thread" daemon [_thread_blocked, id=16387, stack(0x00000001220c5000,0x00000001221c5000)]
  0x00007fa822831800 JavaThread "C1 CompilerThread1" daemon [_thread_blocked, id=15875, stack(0x0000000121fc2000,0x00000001220c2000)]
  0x00007fa82206a800 JavaThread "C2 CompilerThread0" daemon [_thread_blocked, id=15363, stack(0x0000000121ebf000,0x0000000121fbf000)]
  0x00007fa822078800 JavaThread "Signal Dispatcher" daemon [_thread_blocked, id=11791, stack(0x0000000121dbc000,0x0000000121ebc000)]
  0x00007fa822058800 JavaThread "Finalizer" daemon [_thread_blocked, id=10499, stack(0x000000012042f000,0x000000012052f000)]
  0x00007fa822057800 JavaThread "Reference Handler" daemon [_thread_blocked, id=9987, stack(0x000000012032c000,0x000000012042c000)]

Other Threads:
  0x00007fa822053000 VMThread [stack: 0x0000000120229000,0x0000000120329000] [id=9475]
  0x00007fa822079800 WatcherThread [stack: 0x00000001221c8000,0x00000001222c8000] [id=16899]

VM state:not at safepoint (normal execution)

VM Mutex/Monitor currently owned by a thread: None

Heap:
 PSYoungGen      total 38400K, used 27437K [0x0000000795580000, 0x0000000798000000, 0x00000007c0000000)
  eden space 33280K, 82% used [0x0000000795580000,0x000000079704b4a8,0x0000000797600000)
  from space 5120K, 0% used [0x0000000797b00000,0x0000000797b00000,0x0000000798000000)
  to   space 5120K, 0% used [0x0000000797600000,0x0000000797600000,0x0000000797b00000)
 ParOldGen       total 87552K, used 0K [0x0000000740000000, 0x0000000745580000, 0x0000000795580000)
  object space 87552K, 0% used [0x0000000740000000,0x0000000740000000,0x0000000745580000)
 Metaspace       used 12864K, capacity 13116K, committed 13184K, reserved 1060864K
  class space    used 1535K, capacity 1596K, committed 1664K, reserved 1048576K

Card table byte_map: [0x000000011a0c3000,0x000000011a4c4000] byte_map_base: 0x00000001166c3000

Marking Bits: (ParMarkBitMap*) 0x000000010a101390
 Begin Bits: [0x000000011a975000, 0x000000011c975000)
 End Bits:   [0x000000011c975000, 0x000000011e975000)

Polling page: 0x000000010a7d9000

CodeCache: size=245760Kb used=5458Kb max_used=5458Kb free=240301Kb
 bounds [0x000000010ad03000, 0x000000010b263000, 0x0000000119d03000]
 total_blobs=2151 nmethods=1615 adapters=451
 compilation: enabled

Compilation events (10 events):
Event: 162.443 Thread 0x00007fa822831800 nmethod 1684 0x000000010b24be90 code [0x000000010b24c000, 0x000000010b24c168]
Event: 162.914 Thread 0x00007fa822831800 1685       3       java.util.regex.Pattern::has (15 bytes)
Event: 162.914 Thread 0x00007fa822831800 nmethod 1685 0x000000010aef8190 code [0x000000010aef8300, 0x000000010aef84b0]
Event: 162.915 Thread 0x00007fa822831800 1686       3       java.util.regex.Pattern::peek (26 bytes)
Event: 162.915 Thread 0x00007fa822831800 nmethod 1686 0x000000010aec16d0 code [0x000000010aec1860, 0x000000010aec1b08]
Event: 162.917 Thread 0x00007fa822831800 1687       3       java.lang.String::getBytes (27 bytes)
Event: 162.917 Thread 0x00007fa822831800 nmethod 1687 0x000000010af27810 code [0x000000010af279a0, 0x000000010af27c18]
Event: 162.917 Thread 0x00007fa822831800 1688       3       java.io.File::isInvalid (47 bytes)
Event: 162.917 Thread 0x00007fa822831800 nmethod 1688 0x000000010af64e10 code [0x000000010af64fa0, 0x000000010af653c8]
Event: 162.917 Thread 0x00007fa822831800 1689       3       sun.nio.cs.UTF_8$Decoder::decode (779 bytes)

GC Heap History (0 events):
No events

Deoptimization events (10 events):
Event: 24.705 Thread 0x00007fa82231b000 Uncommon trap: reason=bimorphic action=maybe_recompile pc=0x000000010afa89d0 method=java.util.HashMap.getNode(ILjava/lang/Object;)Ljava/util/HashMap$Node; @ 126
Event: 24.706 Thread 0x00007fa82231b000 Uncommon trap: reason=bimorphic action=maybe_recompile pc=0x000000010afa89d0 method=java.util.HashMap.getNode(ILjava/lang/Object;)Ljava/util/HashMap$Node; @ 126
Event: 24.706 Thread 0x00007fa82231b000 Uncommon trap: reason=bimorphic action=maybe_recompile pc=0x000000010afa89d0 method=java.util.HashMap.getNode(ILjava/lang/Object;)Ljava/util/HashMap$Node; @ 126
Event: 106.581 Thread 0x00007fa82290c000 Uncommon trap: reason=predicate action=maybe_recompile pc=0x000000010b1f2318 method=java.util.TimSort.binarySort([Ljava/lang/Object;IIILjava/util/Comparator;)V @ 37
Event: 109.599 Thread 0x00007fa82290c000 Uncommon trap: reason=array_check action=maybe_recompile pc=0x000000010b1f15f0 method=java.util.TimSort.binarySort([Ljava/lang/Object;IIILjava/util/Comparator;)V @ 215
Event: 109.599 Thread 0x00007fa82290c000 Uncommon trap: reason=array_check action=maybe_recompile pc=0x000000010b1f1850 method=java.util.TimSort.binarySort([Ljava/lang/Object;IIILjava/util/Comparator;)V @ 183
Event: 109.601 Thread 0x00007fa82290c000 Uncommon trap: reason=array_check action=maybe_recompile pc=0x000000010b1f15f0 method=java.util.TimSort.binarySort([Ljava/lang/Object;IIILjava/util/Comparator;)V @ 215
Event: 109.601 Thread 0x00007fa82290c000 Uncommon trap: reason=array_check action=maybe_recompile pc=0x000000010b1f1850 method=java.util.TimSort.binarySort([Ljava/lang/Object;IIILjava/util/Comparator;)V @ 183
Event: 112.117 Thread 0x00007fa82290c000 Uncommon trap: reason=array_check action=maybe_recompile pc=0x000000010b1f5640 method=java.util.TimSort.binarySort([Ljava/lang/Object;IIILjava/util/Comparator;)V @ 193
Event: 112.117 Thread 0x00007fa82290c000 Uncommon trap: reason=array_check action=maybe_recompile pc=0x000000010b1f5640 method=java.util.TimSort.binarySort([Ljava/lang/Object;IIILjava/util/Comparator;)V @ 193

Internal exceptions (10 events):
Event: 24.713 Thread 0x00007fa82231b000 Exception <a 'java/security/PrivilegedActionException'> (0x0000000796440378) thrown at [/HUDSON3/workspace/8-2-build-macosx-x86_64/jdk8u25/1514/hotspot/src/share/vm/prims/jvm.cpp, line 1312]
Event: 24.727 Thread 0x00007fa82231b000 Exception <a 'java/security/PrivilegedActionException'> (0x000000079646c800) thrown at [/HUDSON3/workspace/8-2-build-macosx-x86_64/jdk8u25/1514/hotspot/src/share/vm/prims/jvm.cpp, line 1312]
Event: 24.727 Thread 0x00007fa82231b000 Exception <a 'java/security/PrivilegedActionException'> (0x000000079646de30) thrown at [/HUDSON3/workspace/8-2-build-macosx-x86_64/jdk8u25/1514/hotspot/src/share/vm/prims/jvm.cpp, line 1312]
Event: 24.735 Thread 0x00007fa82231b000 Exception <a 'java/security/PrivilegedActionException'> (0x0000000796474440) thrown at [/HUDSON3/workspace/8-2-build-macosx-x86_64/jdk8u25/1514/hotspot/src/share/vm/prims/jvm.cpp, line 1312]
Event: 24.735 Thread 0x00007fa82231b000 Exception <a 'java/security/PrivilegedActionException'> (0x0000000796475a88) thrown at [/HUDSON3/workspace/8-2-build-macosx-x86_64/jdk8u25/1514/hotspot/src/share/vm/prims/jvm.cpp, line 1312]
Event: 24.738 Thread 0x00007fa82231b000 Exception <a 'java/security/PrivilegedActionException'> (0x0000000796498420) thrown at [/HUDSON3/workspace/8-2-build-macosx-x86_64/jdk8u25/1514/hotspot/src/share/vm/prims/jvm.cpp, line 1312]
Event: 39.394 Thread 0x00007fa822bc1000 Exception <a 'java/security/PrivilegedActionException'> (0x0000000796693e58) thrown at [/HUDSON3/workspace/8-2-build-macosx-x86_64/jdk8u25/1514/hotspot/src/share/vm/prims/jvm.cpp, line 1312]
Event: 39.476 Thread 0x00007fa822bc1000 Exception <a 'java/security/PrivilegedActionException'> (0x00000007966a1888) thrown at [/HUDSON3/workspace/8-2-build-macosx-x86_64/jdk8u25/1514/hotspot/src/share/vm/prims/jvm.cpp, line 1312]
Event: 162.917 Thread 0x00007fa822bd7800 Exception <a 'java/security/PrivilegedActionException'> (0x00000007960b7438) thrown at [/HUDSON3/workspace/8-2-build-macosx-x86_64/jdk8u25/1514/hotspot/src/share/vm/prims/jvm.cpp, line 1312]
Event: 162.918 Thread 0x00007fa822bd7800 Exception <a 'java/security/PrivilegedActionException'> (0x00000007960b84f0) thrown at [/HUDSON3/workspace/8-2-build-macosx-x86_64/jdk8u25/1514/hotspot/src/share/vm/prims/jvm.cpp, line 1312]

Events (10 events):
Event: 162.916 loading class java/util/Formatter$Flags
Event: 162.916 loading class java/util/Formatter$Flags done
Event: 162.916 loading class java/util/Formatter$Conversion
Event: 162.916 loading class java/util/Formatter$Conversion done
Event: 162.916 loading class java/util/Formatter$FixedString
Event: 162.916 loading class java/util/Formatter$FixedString done
Event: 162.916 loading class java/util/Formattable
Event: 162.916 loading class java/util/Formattable done
Event: 162.917 loading class PluginMccormjt
Event: 162.917 loading class PluginMccormjt done


Dynamic libraries:
0x0000000001f98000 	/System/Library/Frameworks/Cocoa.framework/Versions/A/Cocoa
0x0000000001f98000 	/System/Library/Frameworks/Security.framework/Versions/A/Security
0x0000000001f98000 	/System/Library/Frameworks/ApplicationServices.framework/Versions/A/ApplicationServices
0x0000000001f98000 	/usr/lib/libz.1.dylib
0x0000000001f98000 	/usr/lib/libSystem.B.dylib
0x0000000001f98000 	/usr/lib/libobjc.A.dylib
0x0000000001f98000 	/System/Library/Frameworks/CoreFoundation.framework/Versions/A/CoreFoundation
0x0000000001f98000 	/System/Library/Frameworks/Foundation.framework/Versions/C/Foundation
0x0000000001f98000 	/System/Library/Frameworks/AppKit.framework/Versions/C/AppKit
0x0000000001f98000 	/System/Library/Frameworks/CoreData.framework/Versions/A/CoreData
0x0000000001f98000 	/System/Library/PrivateFrameworks/RemoteViewServices.framework/Versions/A/RemoteViewServices
0x0000000001f98000 	/System/Library/PrivateFrameworks/UIFoundation.framework/Versions/A/UIFoundation
0x0000000001f98000 	/System/Library/Frameworks/IOSurface.framework/Versions/A/IOSurface
0x0000000001f98000 	/System/Library/Frameworks/AudioToolbox.framework/Versions/A/AudioToolbox
0x0000000001f98000 	/System/Library/Frameworks/AudioUnit.framework/Versions/A/AudioUnit
0x0000000001f98000 	/System/Library/PrivateFrameworks/DataDetectorsCore.framework/Versions/A/DataDetectorsCore
0x0000000001f98000 	/System/Library/PrivateFrameworks/DesktopServicesPriv.framework/Versions/A/DesktopServicesPriv
0x0000000001f98000 	/System/Library/Frameworks/Carbon.framework/Versions/A/Frameworks/HIToolbox.framework/Versions/A/HIToolbox
0x0000000001f98000 	/System/Library/Frameworks/QuartzCore.framework/Versions/A/QuartzCore
0x0000000001f98000 	/System/Library/Frameworks/Carbon.framework/Versions/A/Frameworks/SpeechRecognition.framework/Versions/A/SpeechRecognition
0x0000000001f98000 	/usr/lib/libauto.dylib
0x0000000001f98000 	/usr/lib/libicucore.A.dylib
0x0000000001f98000 	/usr/lib/libxml2.2.dylib
0x0000000001f98000 	/System/Library/PrivateFrameworks/CoreUI.framework/Versions/A/CoreUI
0x0000000001f98000 	/System/Library/Frameworks/CoreAudio.framework/Versions/A/CoreAudio
0x0000000001f98000 	/System/Library/Frameworks/DiskArbitration.framework/Versions/A/DiskArbitration
0x0000000001f98000 	/usr/lib/liblangid.dylib
0x0000000001f98000 	/System/Library/PrivateFrameworks/MultitouchSupport.framework/Versions/A/MultitouchSupport
0x0000000001f98000 	/System/Library/Frameworks/IOKit.framework/Versions/A/IOKit
0x0000000001f98000 	/usr/lib/libDiagnosticMessagesClient.dylib
0x0000000001f98000 	/System/Library/Frameworks/CoreServices.framework/Versions/A/CoreServices
0x0000000001f98000 	/System/Library/PrivateFrameworks/PerformanceAnalysis.framework/Versions/A/PerformanceAnalysis
0x0000000001f98000 	/System/Library/PrivateFrameworks/GenerationalStorage.framework/Versions/A/GenerationalStorage
0x0000000001f98000 	/System/Library/Frameworks/OpenGL.framework/Versions/A/OpenGL
0x0000000001f98000 	/System/Library/PrivateFrameworks/Sharing.framework/Versions/A/Sharing
0x0000000001f98000 	/System/Library/Frameworks/CoreGraphics.framework/Versions/A/CoreGraphics
0x0000000001f98000 	/System/Library/Frameworks/CoreText.framework/Versions/A/CoreText
0x0000000001f98000 	/System/Library/Frameworks/ImageIO.framework/Versions/A/ImageIO
0x0000000001f98000 	/usr/lib/libextension.dylib
0x0000000001f98000 	/System/Library/PrivateFrameworks/Backup.framework/Versions/A/Backup
0x0000000001f98000 	/usr/lib/libarchive.2.dylib
0x0000000001f98000 	/System/Library/Frameworks/CFNetwork.framework/Versions/A/CFNetwork
0x0000000001f98000 	/System/Library/Frameworks/SystemConfiguration.framework/Versions/A/SystemConfiguration
0x0000000001f98000 	/usr/lib/libCRFSuite.dylib
0x0000000001f98000 	/usr/lib/libc++.1.dylib
0x0000000001f98000 	/usr/lib/libc++abi.dylib
0x0000000001f98000 	/usr/lib/system/libcache.dylib
0x0000000001f98000 	/usr/lib/system/libcommonCrypto.dylib
0x0000000001f98000 	/usr/lib/system/libcompiler_rt.dylib
0x0000000001f98000 	/usr/lib/system/libcopyfile.dylib
0x0000000001f98000 	/usr/lib/system/libcorecrypto.dylib
0x0000000001f98000 	/usr/lib/system/libdispatch.dylib
0x0000000001f98000 	/usr/lib/system/libdyld.dylib
0x0000000001f98000 	/usr/lib/system/libkeymgr.dylib
0x0000000001f98000 	/usr/lib/system/liblaunch.dylib
0x0000000001f98000 	/usr/lib/system/libmacho.dylib
0x0000000001f98000 	/usr/lib/system/libquarantine.dylib
0x0000000001f98000 	/usr/lib/system/libremovefile.dylib
0x0000000001f98000 	/usr/lib/system/libsystem_asl.dylib
0x0000000001f98000 	/usr/lib/system/libsystem_blocks.dylib
0x0000000001f98000 	/usr/lib/system/libsystem_c.dylib
0x0000000001f98000 	/usr/lib/system/libsystem_configuration.dylib
0x0000000001f98000 	/usr/lib/system/libsystem_coreservices.dylib
0x0000000001f98000 	/usr/lib/system/libsystem_coretls.dylib
0x0000000001f98000 	/usr/lib/system/libsystem_dnssd.dylib
0x0000000001f98000 	/usr/lib/system/libsystem_info.dylib
0x0000000001f98000 	/usr/lib/system/libsystem_kernel.dylib
0x0000000001f98000 	/usr/lib/system/libsystem_m.dylib
0x0000000001f98000 	/usr/lib/system/libsystem_malloc.dylib
0x0000000001f98000 	/usr/lib/system/libsystem_network.dylib
0x0000000001f98000 	/usr/lib/system/libsystem_networkextension.dylib
0x0000000001f98000 	/usr/lib/system/libsystem_notify.dylib
0x0000000001f98000 	/usr/lib/system/libsystem_platform.dylib
0x0000000001f98000 	/usr/lib/system/libsystem_pthread.dylib
0x0000000001f98000 	/usr/lib/system/libsystem_sandbox.dylib
0x0000000001f98000 	/usr/lib/system/libsystem_secinit.dylib
0x0000000001f98000 	/usr/lib/system/libsystem_stats.dylib
0x0000000001f98000 	/usr/lib/system/libsystem_trace.dylib
0x0000000001f98000 	/usr/lib/system/libunc.dylib
0x0000000001f98000 	/usr/lib/system/libunwind.dylib
0x0000000001f98000 	/usr/lib/system/libxpc.dylib
0x0000000001f98000 	/usr/lib/libbz2.1.0.dylib
0x0000000001f98000 	/usr/lib/liblzma.5.dylib
0x0000000001f98000 	/usr/lib/libbsm.0.dylib
0x0000000001f98000 	/usr/lib/libsqlite3.dylib
0x0000000001f98000 	/usr/lib/system/libkxld.dylib
0x0000000001f98000 	/usr/lib/libxar.1.dylib
0x0000000001f98000 	/usr/lib/libpam.2.dylib
0x0000000001f98000 	/usr/lib/libOpenScriptingUtil.dylib
0x0000000001f98000 	/System/Library/Frameworks/CoreServices.framework/Versions/A/Frameworks/FSEvents.framework/Versions/A/FSEvents
0x0000000001f98000 	/System/Library/Frameworks/CoreServices.framework/Versions/A/Frameworks/CarbonCore.framework/Versions/A/CarbonCore
0x0000000001f98000 	/System/Library/Frameworks/CoreServices.framework/Versions/A/Frameworks/Metadata.framework/Versions/A/Metadata
0x0000000001f98000 	/System/Library/Frameworks/CoreServices.framework/Versions/A/Frameworks/OSServices.framework/Versions/A/OSServices
0x0000000001f98000 	/System/Library/Frameworks/CoreServices.framework/Versions/A/Frameworks/SearchKit.framework/Versions/A/SearchKit
0x0000000001f98000 	/System/Library/Frameworks/CoreServices.framework/Versions/A/Frameworks/AE.framework/Versions/A/AE
0x0000000001f98000 	/System/Library/Frameworks/CoreServices.framework/Versions/A/Frameworks/LaunchServices.framework/Versions/A/LaunchServices
0x0000000001f98000 	/System/Library/Frameworks/CoreServices.framework/Versions/A/Frameworks/DictionaryServices.framework/Versions/A/DictionaryServices
0x0000000001f98000 	/System/Library/Frameworks/NetFS.framework/Versions/A/NetFS
0x0000000001f98000 	/System/Library/PrivateFrameworks/NetAuth.framework/Versions/A/NetAuth
0x0000000001f98000 	/System/Library/PrivateFrameworks/login.framework/Versions/A/Frameworks/loginsupport.framework/Versions/A/loginsupport
0x0000000001f98000 	/System/Library/PrivateFrameworks/TCC.framework/Versions/A/TCC
0x0000000001f98000 	/usr/lib/libmecabra.dylib
0x0000000001f98000 	/System/Library/Frameworks/ApplicationServices.framework/Versions/A/Frameworks/ATS.framework/Versions/A/ATS
0x0000000001f98000 	/System/Library/Frameworks/ApplicationServices.framework/Versions/A/Frameworks/ColorSync.framework/Versions/A/ColorSync
0x0000000001f98000 	/System/Library/Frameworks/ApplicationServices.framework/Versions/A/Frameworks/HIServices.framework/Versions/A/HIServices
0x0000000001f98000 	/System/Library/Frameworks/ApplicationServices.framework/Versions/A/Frameworks/LangAnalysis.framework/Versions/A/LangAnalysis
0x0000000001f98000 	/System/Library/Frameworks/ApplicationServices.framework/Versions/A/Frameworks/PrintCore.framework/Versions/A/PrintCore
0x0000000001f98000 	/System/Library/Frameworks/ApplicationServices.framework/Versions/A/Frameworks/QD.framework/Versions/A/QD
0x0000000001f98000 	/System/Library/Frameworks/ApplicationServices.framework/Versions/A/Frameworks/SpeechSynthesis.framework/Versions/A/SpeechSynthesis
0x0000000001f98000 	/System/Library/Frameworks/Accelerate.framework/Versions/A/Accelerate
0x0000000001f98000 	/System/Library/Frameworks/Accelerate.framework/Versions/A/Frameworks/vImage.framework/Versions/A/vImage
0x0000000001f98000 	/System/Library/Frameworks/Accelerate.framework/Versions/A/Frameworks/vecLib.framework/Versions/A/vecLib
0x0000000001f98000 	/System/Library/Frameworks/Accelerate.framework/Versions/A/Frameworks/vecLib.framework/Versions/A/libvDSP.dylib
0x0000000001f98000 	/System/Library/Frameworks/Accelerate.framework/Versions/A/Frameworks/vecLib.framework/Versions/A/libvMisc.dylib
0x0000000001f98000 	/System/Library/Frameworks/Accelerate.framework/Versions/A/Frameworks/vecLib.framework/Versions/A/libLAPACK.dylib
0x0000000001f98000 	/System/Library/Frameworks/Accelerate.framework/Versions/A/Frameworks/vecLib.framework/Versions/A/libBLAS.dylib
0x0000000001f98000 	/System/Library/Frameworks/Accelerate.framework/Versions/A/Frameworks/vecLib.framework/Versions/A/libLinearAlgebra.dylib
0x0000000001f98000 	/System/Library/Frameworks/ApplicationServices.framework/Versions/A/Frameworks/ATS.framework/Versions/A/Resources/libFontParser.dylib
0x0000000001f98000 	/System/Library/Frameworks/ApplicationServices.framework/Versions/A/Frameworks/ATS.framework/Versions/A/Resources/libFontRegistry.dylib
0x0000000001f98000 	/System/Library/PrivateFrameworks/AppleVPA.framework/Versions/A/AppleVPA
0x0000000001f98000 	/System/Library/PrivateFrameworks/AppleJPEG.framework/Versions/A/AppleJPEG
0x0000000001f98000 	/System/Library/Frameworks/ImageIO.framework/Versions/A/Resources/libJPEG.dylib
0x0000000001f98000 	/System/Library/Frameworks/ImageIO.framework/Versions/A/Resources/libTIFF.dylib
0x0000000001f98000 	/System/Library/Frameworks/ImageIO.framework/Versions/A/Resources/libPng.dylib
0x0000000001f98000 	/System/Library/Frameworks/ImageIO.framework/Versions/A/Resources/libGIF.dylib
0x0000000001f98000 	/System/Library/Frameworks/ImageIO.framework/Versions/A/Resources/libJP2.dylib
0x0000000001f98000 	/System/Library/Frameworks/ImageIO.framework/Versions/A/Resources/libRadiance.dylib
0x0000000001f98000 	/System/Library/Frameworks/CoreVideo.framework/Versions/A/CoreVideo
0x0000000001f98000 	/System/Library/Frameworks/OpenGL.framework/Versions/A/Libraries/libGLU.dylib
0x0000000001f98000 	/System/Library/Frameworks/OpenGL.framework/Versions/A/Libraries/libGFXShared.dylib
0x0000000001f98000 	/System/Library/Frameworks/OpenGL.framework/Versions/A/Libraries/libGL.dylib
0x0000000001f98000 	/System/Library/Frameworks/OpenGL.framework/Versions/A/Libraries/libGLImage.dylib
0x0000000001f98000 	/System/Library/Frameworks/OpenGL.framework/Versions/A/Libraries/libCVMSPluginSupport.dylib
0x0000000001f98000 	/System/Library/Frameworks/OpenGL.framework/Versions/A/Libraries/libCoreVMClient.dylib
0x0000000001f98000 	/usr/lib/libcups.2.dylib
0x0000000001f98000 	/System/Library/Frameworks/Kerberos.framework/Versions/A/Kerberos
0x0000000001f98000 	/System/Library/Frameworks/GSS.framework/Versions/A/GSS
0x0000000001f98000 	/usr/lib/libresolv.9.dylib
0x0000000001f98000 	/usr/lib/libiconv.2.dylib
0x0000000001f98000 	/System/Library/PrivateFrameworks/Heimdal.framework/Versions/A/Heimdal
0x0000000001f98000 	/usr/lib/libheimdal-asn1.dylib
0x0000000001f98000 	/System/Library/Frameworks/OpenDirectory.framework/Versions/A/OpenDirectory
0x0000000001f98000 	/System/Library/PrivateFrameworks/CommonAuth.framework/Versions/A/CommonAuth
0x0000000001f98000 	/System/Library/Frameworks/OpenDirectory.framework/Versions/A/Frameworks/CFOpenDirectory.framework/Versions/A/CFOpenDirectory
0x0000000001f98000 	/System/Library/Frameworks/SecurityFoundation.framework/Versions/A/SecurityFoundation
0x0000000001f98000 	/System/Library/PrivateFrameworks/LanguageModeling.framework/Versions/A/LanguageModeling
0x0000000001f98000 	/usr/lib/libcmph.dylib
0x0000000001f98000 	/System/Library/Frameworks/ServiceManagement.framework/Versions/A/ServiceManagement
0x0000000001f98000 	/usr/lib/libxslt.1.dylib
0x0000000001f98000 	/System/Library/Frameworks/Carbon.framework/Versions/A/Frameworks/Ink.framework/Versions/A/Ink
0x0000000001f98000 	/System/Library/Frameworks/QuartzCore.framework/Versions/A/Frameworks/CoreImage.framework/Versions/A/CoreImage
0x0000000001f98000 	/System/Library/PrivateFrameworks/CrashReporterSupport.framework/Versions/A/CrashReporterSupport
0x0000000001f98000 	/System/Library/Frameworks/OpenCL.framework/Versions/A/OpenCL
0x0000000001f98000 	/System/Library/PrivateFrameworks/FaceCore.framework/Versions/A/FaceCore
0x0000000001f98000 	/System/Library/PrivateFrameworks/Ubiquity.framework/Versions/A/Ubiquity
0x0000000001f98000 	/System/Library/PrivateFrameworks/IconServices.framework/Versions/A/IconServices
0x0000000001f98000 	/System/Library/PrivateFrameworks/ChunkingLibrary.framework/Versions/A/ChunkingLibrary
0x0000000001f98000 	/System/Library/PrivateFrameworks/Apple80211.framework/Versions/A/Apple80211
0x0000000001f98000 	/System/Library/Frameworks/CoreWLAN.framework/Versions/A/CoreWLAN
0x0000000001f98000 	/System/Library/Frameworks/IOBluetooth.framework/Versions/A/IOBluetooth
0x0000000001f98000 	/System/Library/PrivateFrameworks/CoreWiFi.framework/Versions/A/CoreWiFi
0x0000000001f98000 	/System/Library/Frameworks/CoreBluetooth.framework/Versions/A/CoreBluetooth
0x0000000001f98000 	/System/Library/PrivateFrameworks/DebugSymbols.framework/Versions/A/DebugSymbols
0x0000000001f98000 	/System/Library/PrivateFrameworks/CoreSymbolication.framework/Versions/A/CoreSymbolication
0x0000000001f98000 	/System/Library/PrivateFrameworks/Symbolication.framework/Versions/A/Symbolication
0x0000000001f98000 	/System/Library/PrivateFrameworks/SpeechRecognitionCore.framework/Versions/A/SpeechRecognitionCore
0x0000000109864000 	/Library/Java/JavaVirtualMachines/jdk1.8.0_25.jdk/Contents/Home/jre/lib/server/libjvm.dylib
0x0000000001f98000 	/usr/lib/libstdc++.6.dylib
0x000000010a797000 	/Library/Java/JavaVirtualMachines/jdk1.8.0_25.jdk/Contents/Home/jre/lib/libverify.dylib
0x000000010a7a5000 	/Library/Java/JavaVirtualMachines/jdk1.8.0_25.jdk/Contents/Home/jre/lib/libjava.dylib
0x000000010a7e3000 	/Library/Java/JavaVirtualMachines/jdk1.8.0_25.jdk/Contents/Home/jre/lib/libzip.dylib
0x0000000120531000 	/System/Library/Frameworks/JavaVM.framework/Frameworks/JavaRuntimeSupport.framework/JavaRuntimeSupport
0x0000000120547000 	/System/Library/Frameworks/JavaVM.framework/Versions/A/Frameworks/JavaNativeFoundation.framework/Versions/A/JavaNativeFoundation
0x000000010a7ed000 	/System/Library/Frameworks/JavaVM.framework/Versions/A/JavaVM
0x0000000001f98000 	/System/Library/Frameworks/Carbon.framework/Versions/A/Carbon
0x000000012055b000 	/System/Library/PrivateFrameworks/JavaLaunching.framework/Versions/A/JavaLaunching
0x0000000001f98000 	/System/Library/Frameworks/Carbon.framework/Versions/A/Frameworks/CommonPanels.framework/Versions/A/CommonPanels
0x0000000001f98000 	/System/Library/Frameworks/Carbon.framework/Versions/A/Frameworks/Help.framework/Versions/A/Help
0x0000000001f98000 	/System/Library/Frameworks/Carbon.framework/Versions/A/Frameworks/ImageCapture.framework/Versions/A/ImageCapture
0x0000000001f98000 	/System/Library/Frameworks/Carbon.framework/Versions/A/Frameworks/OpenScripting.framework/Versions/A/OpenScripting
0x0000000001f98000 	/System/Library/Frameworks/Carbon.framework/Versions/A/Frameworks/Print.framework/Versions/A/Print
0x0000000001f98000 	/System/Library/Frameworks/Carbon.framework/Versions/A/Frameworks/SecurityHI.framework/Versions/A/SecurityHI
0x00000001222ca000 	/Library/Java/JavaVirtualMachines/jdk1.8.0_25.jdk/Contents/Home/jre/lib/libawt.dylib
0x0000000122379000 	/Library/Java/JavaVirtualMachines/jdk1.8.0_25.jdk/Contents/Home/jre/lib/./libmlib_image.dylib
0x0000000122445000 	/Library/Java/JavaVirtualMachines/jdk1.8.0_25.jdk/Contents/Home/jre/lib/libawt_lwawt.dylib
0x00000001224f8000 	/Library/Java/JavaVirtualMachines/jdk1.8.0_25.jdk/Contents/Home/jre/lib/./libosxapp.dylib
0x0000000001f98000 	/System/Library/Frameworks/ExceptionHandling.framework/Versions/A/ExceptionHandling
0x0000000001f98000 	/System/Library/PrivateFrameworks/CoreServicesInternal.framework/Versions/A/CoreServicesInternal
0x0000000001f98000 	/System/Library/PrivateFrameworks/CloudDocs.framework/Versions/A/CloudDocs
0x0000000001f98000 	/System/Library/PrivateFrameworks/CoreDuet.framework/Versions/A/CoreDuet
0x0000000001f98000 	/System/Library/Frameworks/CloudKit.framework/Versions/A/CloudKit
0x0000000001f98000 	/System/Library/PrivateFrameworks/ProtocolBuffer.framework/Versions/A/ProtocolBuffer
0x0000000001f98000 	/System/Library/PrivateFrameworks/CoreDuetDaemonProtocol.framework/Versions/A/CoreDuetDaemonProtocol
0x0000000001f98000 	/System/Library/PrivateFrameworks/CoreDuetDebugLogging.framework/Versions/A/CoreDuetDebugLogging
0x0000000001f98000 	/System/Library/PrivateFrameworks/MMCS.framework/Versions/A/MMCS
0x0000000001f98000 	/System/Library/Frameworks/CoreLocation.framework/Versions/A/CoreLocation
0x0000000001f98000 	/System/Library/PrivateFrameworks/ProtectedCloudStorage.framework/Versions/A/ProtectedCloudStorage
0x0000000001f98000 	/System/Library/PrivateFrameworks/GeoServices.framework/Versions/A/GeoServices
0x0000000001f98000 	/System/Library/Frameworks/CoreGraphics.framework/Versions/A/Resources/libCGCMS.A.dylib
0x0000000001f98000 	/System/Library/Frameworks/CoreGraphics.framework/Versions/A/Resources/libRIP.A.dylib
0x0000000001f98000 	/System/Library/Frameworks/CoreGraphics.framework/Versions/A/Resources/libCGXType.A.dylib
0x0000000001f98000 	/System/Library/Frameworks/OpenCL.framework/Versions/A/Libraries/libcldcpuengine.dylib
0x0000000001f98000 	/System/Library/PrivateFrameworks/DiskImages.framework/Versions/A/DiskImages
0x0000000001f98000 	/System/Library/Frameworks/DiscRecording.framework/Versions/A/DiscRecording
0x0000000001f98000 	/usr/lib/libcsfde.dylib
0x0000000001f98000 	/usr/lib/libcurl.4.dylib
0x0000000001f98000 	/System/Library/PrivateFrameworks/MediaKit.framework/Versions/A/MediaKit
0x0000000001f98000 	/usr/lib/libCoreStorage.dylib
0x0000000001f98000 	/System/Library/PrivateFrameworks/EFILogin.framework/Versions/A/EFILogin
0x0000000001f98000 	/usr/lib/libutil.dylib
0x0000000001f98000 	/System/Library/PrivateFrameworks/FindMyDevice.framework/Versions/A/FindMyDevice
0x0000000001f98000 	/System/Library/Frameworks/LDAP.framework/Versions/A/LDAP
0x0000000001f98000 	/usr/lib/libsasl2.2.dylib
0x0000000001f98000 	/System/Library/PrivateFrameworks/CoreDaemon.framework/Versions/B/CoreDaemon
0x0000000001f98000 	/usr/lib/libcrypto.0.9.8.dylib
0x0000000001f98000 	/System/Library/PrivateFrameworks/AppleSRP.framework/Versions/A/AppleSRP
0x0000000001f98000 	/System/Library/PrivateFrameworks/TrustEvaluationAgent.framework/Versions/A/TrustEvaluationAgent
0x0000000125347000 	cl_kernels
0x0000000125349000 	/System/Library/Frameworks/OpenCL.framework/Versions/A/Libraries/ImageFormats/unorm8_bgra.dylib
0x0000000125473000 	cl_kernels
0x0000000001f98000 	/System/Library/PrivateFrameworks/FamilyControls.framework/Versions/A/FamilyControls
0x0000000001f98000 	/System/Library/PrivateFrameworks/CommerceKit.framework/Versions/A/Frameworks/CommerceCore.framework/Versions/A/CommerceCore
0x0000000001f98000 	/System/Library/PrivateFrameworks/SystemAdministration.framework/Versions/A/SystemAdministration
0x0000000001f98000 	/System/Library/PrivateFrameworks/AppContainer.framework/Versions/A/AppContainer
0x0000000001f98000 	/System/Library/PrivateFrameworks/SecCodeWrapper.framework/Versions/A/SecCodeWrapper
0x0000000001f98000 	/System/Library/Frameworks/DirectoryService.framework/Versions/A/DirectoryService
0x0000000001f98000 	/System/Library/PrivateFrameworks/LoginUIKit.framework/Versions/A/Frameworks/LoginUICore.framework/Versions/A/LoginUICore
0x0000000001f98000 	/usr/lib/libodfde.dylib
0x0000000126596000 	/Library/Java/JavaVirtualMachines/jdk1.8.0_25.jdk/Contents/Home/jre/lib/libfontmanager.dylib
0x0000000001f98000 	/System/Library/Frameworks/OpenGL.framework/Versions/A/Resources/GLEngine.bundle/GLEngine
0x0000000001f98000 	/System/Library/Frameworks/OpenGL.framework/Versions/A/Libraries/libGLProgrammability.dylib
0x0000000000000000 	/System/Library/Extensions/GeForceTeslaGLDriver.bundle/Contents/MacOS/GeForceTeslaGLDriver
0x0000000126803000 	/System/Library/Extensions/GeForceTeslaGLDriver.bundle/Contents/MacOS/libclh.dylib
0x0000000124884000 	/System/Library/PrivateFrameworks/GPUSupport.framework/Versions/A/Libraries/libGPUSupport.dylib
0x0000000001f98000 	/System/Library/Frameworks/OpenGL.framework/Versions/A/Resources/GLRendererFloat.bundle/GLRendererFloat
0x00000001276a1000 	/Library/Java/JavaVirtualMachines/jdk1.8.0_25.jdk/Contents/Home/jre/lib/libosxui.dylib
0x000000012776e000 	/Library/Java/JavaVirtualMachines/jdk1.8.0_25.jdk/Contents/Home/jre/lib/libnet.dylib
0x00000001276be000 	/Library/Java/JavaVirtualMachines/jdk1.8.0_25.jdk/Contents/Home/jre/lib/libnio.dylib
0x0000000001f98000 	/System/Library/Frameworks/Accelerate.framework/Versions/A/Frameworks/vImage.framework/Versions/A/Libraries/libCGInterfaces.dylib

VM Arguments:
jvm_args: -Dfile.encoding=UTF-8 
java_command: edu.rosehulman.sws.gui.WebServer
java_class_path (initial): /Users/csse/Documents/workspace/477-WebServer/edu.rosehulman.sws/bin
Launcher Type: SUN_STANDARD

Environment Variables:
PATH=/usr/bin:/bin:/usr/sbin:/sbin
SHELL=/bin/bash

Signal Handlers:
SIGSEGV: [libjvm.dylib+0x579dc7], sa_mask[0]=11111111011111110111111111111111, sa_flags=SA_ONSTACK|SA_RESTART|SA_SIGINFO
SIGBUS: [libjvm.dylib+0x579dc7], sa_mask[0]=11111111011111110111111111111111, sa_flags=SA_RESTART|SA_SIGINFO
SIGFPE: [libjvm.dylib+0x45b030], sa_mask[0]=11111111011111110111111111111111, sa_flags=SA_RESTART|SA_SIGINFO
SIGPIPE: [libjvm.dylib+0x45b030], sa_mask[0]=11111111011111110111111111111111, sa_flags=SA_RESTART|SA_SIGINFO
SIGXFSZ: [libjvm.dylib+0x45b030], sa_mask[0]=11111111011111110111111111111111, sa_flags=SA_RESTART|SA_SIGINFO
SIGILL: [libjvm.dylib+0x45b030], sa_mask[0]=11111111011111110111111111111111, sa_flags=SA_RESTART|SA_SIGINFO
SIGUSR1: SIG_DFL, sa_mask[0]=00000000000000000000000000000000, sa_flags=none
SIGUSR2: [libjvm.dylib+0x45ab4e], sa_mask[0]=00100000000000000000000000000000, sa_flags=SA_RESTART|SA_SIGINFO
SIGHUP: [libjvm.dylib+0x459121], sa_mask[0]=11111111011111110111111111111111, sa_flags=SA_RESTART|SA_SIGINFO
SIGINT: [libjvm.dylib+0x459121], sa_mask[0]=11111111011111110111111111111111, sa_flags=SA_RESTART|SA_SIGINFO
SIGTERM: [libjvm.dylib+0x459121], sa_mask[0]=11111111011111110111111111111111, sa_flags=SA_RESTART|SA_SIGINFO
SIGQUIT: [libjvm.dylib+0x459121], sa_mask[0]=11111111011111110111111111111111, sa_flags=SA_RESTART|SA_SIGINFO


---------------  S Y S T E M  ---------------

OS:Bsduname:Darwin 14.3.0 Darwin Kernel Version 14.3.0: Mon Mar 23 11:59:05 PDT 2015; root:xnu-2782.20.48~5/RELEASE_X86_64 x86_64
rlimit: STACK 8192k, CORE 0k, NPROC 709, NOFILE 10240, AS infinity
load average:1.46 1.44 1.42

CPU:total 2 (2 cores per cpu, 1 threads per core) family 6 model 23 stepping 10, cmov, cx8, fxsr, mmx, sse, sse2, sse3, ssse3, sse4.1, tsc

Memory: 4k page, physical 8388608k(1902020k free)

/proc/meminfo:


vm_info: Java HotSpot(TM) 64-Bit Server VM (25.25-b02) for bsd-amd64 JRE (1.8.0_25-b17), built on Sep 17 2014 16:56:50 by "java_re" with gcc 4.2.1 (Based on Apple Inc. build 5658) (LLVM build 2336.11.00)

time: Mon May  4 02:23:23 2015
elapsed time: 162 seconds (0d 0h 2m 42s)

